This is pdfTeX, Version 3.14159265-2.6-1.40.16 (TeX Live 2015) (preloaded format=pdftex 2015.5.24)  7 SEP 2015 16:47
entering extended mode
 restricted \write18 enabled.
 file:line:error style messages enabled.
 %&-line parsing enabled.
**/Users/kaileegray/Desktop/book/aug26.tex
(/Users/kaileegray/Desktop/book/aug26.tex
/Users/kaileegray/Desktop/book/aug26.tex:1: Undefined control sequence.
l.1 \section
            {August 26 In Class Exercises}
The control sequence at the end of the top line
of your error message was never \def'ed. If you have
misspelled it (e.g., `\hobx'), type `I' and the correct
spelling (e.g., `I\hbox'). Otherwise just continue,
and I'll forget about whatever was undefined.

Runaway argument?
 
/Users/kaileegray/Desktop/book/aug26.tex:3: Paragraph ended before \\ was complete.
<to be read again> 
                   \par 
l.3 
    
I suspect you've forgotten a `}', causing me to apply this
control sequence to too much text. How can we recover?
My plan is to forget the whole thing and hope for the best.

/Users/kaileegray/Desktop/book/aug26.tex:4: Undefined control sequence.
l.4 ...infty}$ be a sequence of sets. We define \[
                                                   \limsup_{k \rightarrow \i...
The control sequence at the end of the top line
of your error message was never \def'ed. If you have
misspelled it (e.g., `\hobx'), type `I' and the correct
spelling (e.g., `I\hbox'). Otherwise just continue,
and I'll forget about whatever was undefined.

/Users/kaileegray/Desktop/book/aug26.tex:4: Missing $ inserted.
<inserted text> 
                $
<to be read again> 
                   \mathop 
\limsup ->\mathop 
                  {\rm lim\,sup}
l.4 ...be a sequence of sets. We define \[ \limsup
                                                  _{k \rightarrow \infty} A_...
I've inserted a begin-math/end-math symbol since I think
you left one out. Proceed, with fingers crossed.

/Users/kaileegray/Desktop/book/aug26.tex:4: Undefined control sequence.
l.4 ...left( \bigcup_{k=j}^{\infty} A_k \right) \]
                                                   and \[ \liminf_{k \righta...
The control sequence at the end of the top line
of your error message was never \def'ed. If you have
misspelled it (e.g., `\hobx'), type `I' and the correct
spelling (e.g., `I\hbox'). Otherwise just continue,
and I'll forget about whatever was undefined.

/Users/kaileegray/Desktop/book/aug26.tex:4: Undefined control sequence.
l.4 ...bigcup_{k=j}^{\infty} A_k \right) \] and \[
                                                   \liminf_{k \rightarrow \i...
The control sequence at the end of the top line
of your error message was never \def'ed. If you have
misspelled it (e.g., `\hobx'), type `I' and the correct
spelling (e.g., `I\hbox'). Otherwise just continue,
and I'll forget about whatever was undefined.

/Users/kaileegray/Desktop/book/aug26.tex:4: Undefined control sequence.
l.4 ...eft( \bigcap_{k=j}^{\infty} A_k \right). \]
                                                  
The control sequence at the end of the top line
of your error message was never \def'ed. If you have
misspelled it (e.g., `\hobx'), type `I' and the correct
spelling (e.g., `I\hbox'). Otherwise just continue,
and I'll forget about whatever was undefined.

/Users/kaileegray/Desktop/book/aug26.tex:5: Missing $ inserted.
<inserted text> 
                $
<to be read again> 
                   \par 
l.5 
    
I've inserted a begin-math/end-math symbol since I think
you left one out. Proceed, with fingers crossed.

/Users/kaileegray/Desktop/book/aug26.tex:6: Undefined control sequence.
l.6 \begin
          {enumerate}
The control sequence at the end of the top line
of your error message was never \def'ed. If you have
misspelled it (e.g., `\hobx'), type `I' and the correct
spelling (e.g., `I\hbox'). Otherwise just continue,
and I'll forget about whatever was undefined.

/Users/kaileegray/Desktop/book/aug26.tex:7: Undefined control sequence.
l.7 \item Prove that \[
                        \limsup A_k = \{ x : x \in A_k \mbox{ for infinitely...
The control sequence at the end of the top line
of your error message was never \def'ed. If you have
misspelled it (e.g., `\hobx'), type `I' and the correct
spelling (e.g., `I\hbox'). Otherwise just continue,
and I'll forget about whatever was undefined.

/Users/kaileegray/Desktop/book/aug26.tex:7: Missing $ inserted.
<inserted text> 
                $
<to be read again> 
                   \mathop 
\limsup ->\mathop 
                  {\rm lim\,sup}
l.7 \item Prove that \[ \limsup
                                A_k = \{ x : x \in A_k \mbox{ for infinitely...
I've inserted a begin-math/end-math symbol since I think
you left one out. Proceed, with fingers crossed.

/Users/kaileegray/Desktop/book/aug26.tex:7: Undefined control sequence.
l.7 ...hat \[ \limsup A_k = \{ x : x \in A_k \mbox
                                                  { for infinitely many } k ...
The control sequence at the end of the top line
of your error message was never \def'ed. If you have
misspelled it (e.g., `\hobx'), type `I' and the correct
spelling (e.g., `I\hbox'). Otherwise just continue,
and I'll forget about whatever was undefined.

/Users/kaileegray/Desktop/book/aug26.tex:7: Undefined control sequence.
l.7 ...in A_k \mbox{ for infinitely many } k \} \]
                                                   and that \[ \liminf A_k =...
The control sequence at the end of the top line
of your error message was never \def'ed. If you have
misspelled it (e.g., `\hobx'), type `I' and the correct
spelling (e.g., `I\hbox'). Otherwise just continue,
and I'll forget about whatever was undefined.

/Users/kaileegray/Desktop/book/aug26.tex:7: Undefined control sequence.
l.7 ...{ for infinitely many } k \} \] and that \[
                                                   \liminf A_k = \{ x: \mbox...
The control sequence at the end of the top line
of your error message was never \def'ed. If you have
misspelled it (e.g., `\hobx'), type `I' and the correct
spelling (e.g., `I\hbox'). Otherwise just continue,
and I'll forget about whatever was undefined.

/Users/kaileegray/Desktop/book/aug26.tex:7: Undefined control sequence.
l.7 ...\} \] and that \[ \liminf A_k = \{ x: \mbox
                                                  { there is a } j \mbox{ su...
The control sequence at the end of the top line
of your error message was never \def'ed. If you have
misspelled it (e.g., `\hobx'), type `I' and the correct
spelling (e.g., `I\hbox'). Otherwise just continue,
and I'll forget about whatever was undefined.

/Users/kaileegray/Desktop/book/aug26.tex:7: Undefined control sequence.
l.7 ...inf A_k = \{ x: \mbox{ there is a } j \mbox
                                                  { such that } x \in A_l \m...
The control sequence at the end of the top line
of your error message was never \def'ed. If you have
misspelled it (e.g., `\hobx'), type `I' and the correct
spelling (e.g., `I\hbox'). Otherwise just continue,
and I'll forget about whatever was undefined.

/Users/kaileegray/Desktop/book/aug26.tex:7: Undefined control sequence.
l.7 ...is a } j \mbox{ such that } x \in A_l \mbox
                                                  { for all } l \geq j \}. \]
The control sequence at the end of the top line
of your error message was never \def'ed. If you have
misspelled it (e.g., `\hobx'), type `I' and the correct
spelling (e.g., `I\hbox'). Otherwise just continue,
and I'll forget about whatever was undefined.

/Users/kaileegray/Desktop/book/aug26.tex:7: Undefined control sequence.
l.7 ... x \in A_l \mbox{ for all } l \geq j \}. \]
                                                  
The control sequence at the end of the top line
of your error message was never \def'ed. If you have
misspelled it (e.g., `\hobx'), type `I' and the correct
spelling (e.g., `I\hbox'). Otherwise just continue,
and I'll forget about whatever was undefined.

/Users/kaileegray/Desktop/book/aug26.tex:8: Missing $ inserted.
<inserted text> 
                $
<to be read again> 
                   \par 
l.8 
    
I've inserted a begin-math/end-math symbol since I think
you left one out. Proceed, with fingers crossed.


Overfull \hbox (3.38162pt too wide) in paragraph at lines 7--8
[][]\tenrm rove that  $[] \teni A[] \tenrm = \tensy f\teni x \tenrm : \teni x \tensy 2 \teni A[][]k\tensy g\teni andthat [] A[] \tenrm = \tensy f\teni x \tenrm : []\teni j[]x \tensy 2|

\hbox(7.5+2.5)x469.75499, glue set - 1.0
.\hbox(0.0+0.0)x20.0
.\hbox(6.83331+0.0)x0.0, glue set - 11.80557fil
..\glue 0.0 plus 1.0fil minus 1.0fil
..\tenrm P
..\kern 5.0
.\tenrm r
.\tenrm o
.\kern-0.27779
.etc.

/Users/kaileegray/Desktop/book/aug26.tex:9: Undefined control sequence.
l.9 \begin
          {proof}
The control sequence at the end of the top line
of your error message was never \def'ed. If you have
misspelled it (e.g., `\hobx'), type `I' and the correct
spelling (e.g., `I\hbox'). Otherwise just continue,
and I'll forget about whatever was undefined.

[1{/usr/local/texlive/2015/texmf-var/fonts/map/pdftex/updmap/pdftex.map}] )</usr/local/texlive/2015/texmf-dist/fonts/type1/public/amsfonts/cm/cmex10.pfb></usr/local/texlive/2015/texmf-dist/fonts/type1/public/amsfonts/cm/cmmi10.pfb></usr/local/texlive/2015/texmf-dist/fonts/type1/public/amsfonts/cm/cmmi7.pfb></usr/local/texlive/2015/texmf-dist/fonts/type1/public/amsfonts/cm/cmr10.pfb></usr/local/texlive/2015/texmf-dist/fonts/type1/public/amsfonts/cm/cmr5.pfb></usr/local/texlive/2015/texmf-dist/fonts/type1/public/amsfonts/cm/cmr7.pfb></usr/local/texlive/2015/texmf-dist/fonts/type1/public/amsfonts/cm/cmsy10.pfb></usr/local/texlive/2015/texmf-dist/fonts/type1/public/amsfonts/cm/cmsy7.pfb>
Output written on aug26.pdf (1 page, 77500 bytes).
PDF statistics:
 40 PDF objects out of 1000 (max. 8388607)
 28 compressed objects within 1 object stream
 0 named destinations out of 1000 (max. 500000)
 1 words of extra memory for PDF output out of 10000 (max. 10000000)

