This is pdfTeX, Version 3.14159265-2.6-1.40.16 (TeX Live 2015) (preloaded format=pdftex 2015.5.24)  7 SEP 2015 19:47
entering extended mode
 restricted \write18 enabled.
 file:line:error style messages enabled.
 %&-line parsing enabled.
**/Users/kaileegray/Desktop/book/aug31.tex
(/Users/kaileegray/Desktop/book/aug31.tex
/Users/kaileegray/Desktop/book/aug31.tex:1: Undefined control sequence.
l.1 \subsection
               {August 31 Group Assignment}
The control sequence at the end of the top line
of your error message was never \def'ed. If you have
misspelled it (e.g., `\hobx'), type `I' and the correct
spelling (e.g., `I\hbox'). Otherwise just continue,
and I'll forget about whatever was undefined.

/Users/kaileegray/Desktop/book/aug31.tex:2: Undefined control sequence.
l.2 \begin
          {enumerate}
The control sequence at the end of the top line
of your error message was never \def'ed. If you have
misspelled it (e.g., `\hobx'), type `I' and the correct
spelling (e.g., `I\hbox'). Otherwise just continue,
and I'll forget about whatever was undefined.

/Users/kaileegray/Desktop/book/aug31.tex:5: Undefined control sequence.
<recently read> \mathcal 
                         
l.5 ...tion 1.7 from Folland (p. 23): If $\mathcal
                                                  {E}$ is an elementary fami...
The control sequence at the end of the top line
of your error message was never \def'ed. If you have
misspelled it (e.g., `\hobx'), type `I' and the correct
spelling (e.g., `I\hbox'). Otherwise just continue,
and I'll forget about whatever was undefined.

/Users/kaileegray/Desktop/book/aug31.tex:5: Undefined control sequence.
<recently read> \A 
                   
l.5 ...is an elementary family, the collection $\A
                                                  $ of finite disjoint union...
The control sequence at the end of the top line
of your error message was never \def'ed. If you have
misspelled it (e.g., `\hobx'), type `I' and the correct
spelling (e.g., `I\hbox'). Otherwise just continue,
and I'll forget about whatever was undefined.

/Users/kaileegray/Desktop/book/aug31.tex:5: Undefined control sequence.
<recently read> \E 
                   
l.5 ...of finite disjoint unions of members of $\E
                                                  $ is an algebra.
The control sequence at the end of the top line
of your error message was never \def'ed. If you have
misspelled it (e.g., `\hobx'), type `I' and the correct
spelling (e.g., `I\hbox'). Otherwise just continue,
and I'll forget about whatever was undefined.

/Users/kaileegray/Desktop/book/aug31.tex:6: Undefined control sequence.
l.6 \begin
          {proof}
The control sequence at the end of the top line
of your error message was never \def'ed. If you have
misspelled it (e.g., `\hobx'), type `I' and the correct
spelling (e.g., `I\hbox'). Otherwise just continue,
and I'll forget about whatever was undefined.

[1{/usr/local/texlive/2015/texmf-var/fonts/map/pdftex/updmap/pdftex.map}] )</usr/local/texlive/2015/texmf-dist/fonts/type1/public/amsfonts/cm/cmmi10.pfb></usr/local/texlive/2015/texmf-dist/fonts/type1/public/amsfonts/cm/cmr10.pfb>
Output written on aug31.pdf (1 page, 24604 bytes).
PDF statistics:
 16 PDF objects out of 1000 (max. 8388607)
 10 compressed objects within 1 object stream
 0 named destinations out of 1000 (max. 500000)
 1 words of extra memory for PDF output out of 10000 (max. 10000000)

