This is pdfTeX, Version 3.14159265-2.6-1.40.16 (TeX Live 2015) (preloaded format=pdflatex 2015.5.24)  15 DEC 2015 20:23
entering extended mode
 restricted \write18 enabled.
 file:line:error style messages enabled.
 %&-line parsing enabled.
**book.tex
(./book.tex
LaTeX2e <2015/01/01>
Babel <3.9l> and hyphenation patterns for 79 languages loaded.
(/usr/local/texlive/2015/texmf-dist/tex/latex/amscls/amsart.cls
Document Class: amsart 2015/03/04 v2.20.2
\linespacing=\dimen102
\normalparindent=\dimen103
\normaltopskip=\skip41
(/usr/local/texlive/2015/texmf-dist/tex/latex/amsmath/amsmath.sty
Package: amsmath 2013/01/14 v2.14 AMS math features
\@mathmargin=\skip42

For additional information on amsmath, use the `?' option.
(/usr/local/texlive/2015/texmf-dist/tex/latex/amsmath/amstext.sty
Package: amstext 2000/06/29 v2.01
 (/usr/local/texlive/2015/texmf-dist/tex/latex/amsmath/amsgen.sty
File: amsgen.sty 1999/11/30 v2.0
\@emptytoks=\toks14
\ex@=\dimen104
)) (/usr/local/texlive/2015/texmf-dist/tex/latex/amsmath/amsbsy.sty
Package: amsbsy 1999/11/29 v1.2d
\pmbraise@=\dimen105
) (/usr/local/texlive/2015/texmf-dist/tex/latex/amsmath/amsopn.sty
Package: amsopn 1999/12/14 v2.01 operator names
)
\inf@bad=\count79
LaTeX Info: Redefining \frac on input line 210.
\uproot@=\count80
\leftroot@=\count81
LaTeX Info: Redefining \overline on input line 306.
\classnum@=\count82
\DOTSCASE@=\count83
LaTeX Info: Redefining \ldots on input line 378.
LaTeX Info: Redefining \dots on input line 381.
LaTeX Info: Redefining \cdots on input line 466.
\Mathstrutbox@=\box26
\strutbox@=\box27
\big@size=\dimen106
LaTeX Font Info:    Redeclaring font encoding OML on input line 566.
LaTeX Font Info:    Redeclaring font encoding OMS on input line 567.
\macc@depth=\count84
\c@MaxMatrixCols=\count85
\dotsspace@=\muskip10
\c@parentequation=\count86
\dspbrk@lvl=\count87
\tag@help=\toks15
\row@=\count88
\column@=\count89
\maxfields@=\count90
\andhelp@=\toks16
\eqnshift@=\dimen107
\alignsep@=\dimen108
\tagshift@=\dimen109
\tagwidth@=\dimen110
\totwidth@=\dimen111
\lineht@=\dimen112
\@envbody=\toks17
\multlinegap=\skip43
\multlinetaggap=\skip44
\mathdisplay@stack=\toks18
LaTeX Info: Redefining \[ on input line 2665.
LaTeX Info: Redefining \] on input line 2666.
)
LaTeX Font Info:    Try loading font information for U+msa on input line 388.
 (/usr/local/texlive/2015/texmf-dist/tex/latex/amsfonts/umsa.fd
File: umsa.fd 2013/01/14 v3.01 AMS symbols A
) (/usr/local/texlive/2015/texmf-dist/tex/latex/amsfonts/amsfonts.sty
Package: amsfonts 2013/01/14 v3.01 Basic AMSFonts support
\symAMSa=\mathgroup4
\symAMSb=\mathgroup5
LaTeX Font Info:    Overwriting math alphabet `\mathfrak' in version `bold'
(Font)                  U/euf/m/n --> U/euf/b/n on input line 106.
)
\copyins=\insert233
\abstractbox=\box28
\listisep=\skip45
\c@part=\count91
\c@section=\count92
\c@subsection=\count93
\c@subsubsection=\count94
\c@paragraph=\count95
\c@subparagraph=\count96
\c@figure=\count97
\c@table=\count98
\abovecaptionskip=\skip46
\belowcaptionskip=\skip47
\captionindent=\dimen113
\thm@style=\toks19
\thm@bodyfont=\toks20
\thm@headfont=\toks21
\thm@notefont=\toks22
\thm@headpunct=\toks23
\thm@preskip=\skip48
\thm@postskip=\skip49
\thm@headsep=\skip50
\dth@everypar=\toks24
) (/usr/local/texlive/2015/texmf-dist/tex/latex/amsfonts/amssymb.sty
Package: amssymb 2013/01/14 v3.01 AMS font symbols
) (/usr/local/texlive/2015/texmf-dist/tex/latex/jknapltx/mathrsfs.sty
Package: mathrsfs 1996/01/01 Math RSFS package v1.0 (jk)
\symrsfs=\mathgroup6
) (/usr/local/texlive/2015/texmf-dist/tex/latex/geometry/geometry.sty
Package: geometry 2010/09/12 v5.6 Page Geometry
 (/usr/local/texlive/2015/texmf-dist/tex/latex/graphics/keyval.sty
Package: keyval 2014/10/28 v1.15 key=value parser (DPC)
\KV@toks@=\toks25
) (/usr/local/texlive/2015/texmf-dist/tex/generic/oberdiek/ifpdf.sty
Package: ifpdf 2011/01/30 v2.3 Provides the ifpdf switch (HO)
Package ifpdf Info: pdfTeX in PDF mode is detected.
) (/usr/local/texlive/2015/texmf-dist/tex/generic/oberdiek/ifvtex.sty
Package: ifvtex 2010/03/01 v1.5 Detect VTeX and its facilities (HO)
Package ifvtex Info: VTeX not detected.
) (/usr/local/texlive/2015/texmf-dist/tex/generic/ifxetex/ifxetex.sty
Package: ifxetex 2010/09/12 v0.6 Provides ifxetex conditional
)
\Gm@cnth=\count99
\Gm@cntv=\count100
\c@Gm@tempcnt=\count101
\Gm@bindingoffset=\dimen114
\Gm@wd@mp=\dimen115
\Gm@odd@mp=\dimen116
\Gm@even@mp=\dimen117
\Gm@layoutwidth=\dimen118
\Gm@layoutheight=\dimen119
\Gm@layouthoffset=\dimen120
\Gm@layoutvoffset=\dimen121
\Gm@dimlist=\toks26
) (/usr/local/texlive/2015/texmf-dist/tex/latex/graphics/graphicx.sty
Package: graphicx 2014/10/28 v1.0g Enhanced LaTeX Graphics (DPC,SPQR)
 (/usr/local/texlive/2015/texmf-dist/tex/latex/graphics/graphics.sty
Package: graphics 2014/10/28 v1.0p Standard LaTeX Graphics (DPC,SPQR)
 (/usr/local/texlive/2015/texmf-dist/tex/latex/graphics/trig.sty
Package: trig 1999/03/16 v1.09 sin cos tan (DPC)
) (/usr/local/texlive/2015/texmf-dist/tex/latex/latexconfig/graphics.cfg
File: graphics.cfg 2010/04/23 v1.9 graphics configuration of TeX Live
)
Package graphics Info: Driver file: pdftex.def on input line 94.
 (/usr/local/texlive/2015/texmf-dist/tex/latex/pdftex-def/pdftex.def
File: pdftex.def 2011/05/27 v0.06d Graphics/color for pdfTeX
 (/usr/local/texlive/2015/texmf-dist/tex/generic/oberdiek/infwarerr.sty
Package: infwarerr 2010/04/08 v1.3 Providing info/warning/error messages (HO)
) (/usr/local/texlive/2015/texmf-dist/tex/generic/oberdiek/ltxcmds.sty
Package: ltxcmds 2011/11/09 v1.22 LaTeX kernel commands for general use (HO)
)
\Gread@gobject=\count102
))
\Gin@req@height=\dimen122
\Gin@req@width=\dimen123
) (/usr/local/texlive/2015/texmf-dist/tex/latex/fancyhdr/fancyhdr.sty
\fancy@headwidth=\skip51
\f@ncyO@elh=\skip52
\f@ncyO@erh=\skip53
\f@ncyO@olh=\skip54
\f@ncyO@orh=\skip55
\f@ncyO@elf=\skip56
\f@ncyO@erf=\skip57
\f@ncyO@olf=\skip58
\f@ncyO@orf=\skip59
) (/usr/local/texlive/2015/texmf-dist/tex/latex/setspace/setspace.sty
Package: setspace 2011/12/19 v6.7a set line spacing
) (/usr/local/texlive/2015/texmf-dist/tex/latex/Tabbing/Tabbing.sty
Package: Tabbing 1997/12/18 v1.0 Tabbing environment (JPFD)
) (/usr/local/texlive/2015/texmf-dist/tex/latex/lastpage/lastpage.sty
Package: lastpage 2015/03/29 v1.2m Refers to last page's name (HMM; JPG)
) (/usr/local/texlive/2015/texmf-dist/tex/latex/fancyhdr/extramarks.sty
\@temptokenb=\toks27
) (/usr/local/texlive/2015/texmf-dist/tex/latex/changepage/chngpage.sty
Package: chngpage 2009/10/20 v1.2b change page layout
\c@cp@cnt=\count103
\c@cp@tempcnt=\count104
) (/usr/local/texlive/2015/texmf-dist/tex/latex/soul/soul.sty
Package: soul 2003/11/17 v2.4 letterspacing/underlining (mf)
\SOUL@word=\toks28
\SOUL@lasttoken=\toks29
\SOUL@cmds=\toks30
\SOUL@buffer=\toks31
\SOUL@token=\toks32
\SOUL@spaceskip=\skip60
\SOUL@ttwidth=\dimen124
\SOUL@uldp=\dimen125
\SOUL@ulht=\dimen126
) (/usr/local/texlive/2015/texmf-dist/tex/latex/graphics/color.sty
Package: color 2014/10/28 v1.1a Standard LaTeX Color (DPC)
 (/usr/local/texlive/2015/texmf-dist/tex/latex/latexconfig/color.cfg
File: color.cfg 2007/01/18 v1.5 color configuration of teTeX/TeXLive
)
Package color Info: Driver file: pdftex.def on input line 142.
) (/usr/local/texlive/2015/texmf-dist/tex/latex/float/float.sty
Package: float 2001/11/08 v1.3d Float enhancements (AL)
\c@float@type=\count105
\float@exts=\toks33
\float@box=\box29
\@float@everytoks=\toks34
\@floatcapt=\box30
)
(/usr/local/texlive/2015/texmf-dist/tex/latex/wrapfig/wrapfig.sty
\wrapoverhang=\dimen127
\WF@size=\dimen128
\c@WF@wrappedlines=\count106
\WF@box=\box31
\WF@everypar=\toks35
Package: wrapfig 2003/01/31  v 3.6
) (/usr/local/texlive/2015/texmf-dist/tex/latex/tools/enumerate.sty
Package: enumerate 2014/10/28 v3.00 enumerate extensions (DPC)
\@enLab=\toks36
) (/usr/local/texlive/2015/texmf-dist/tex/latex/mathtools/mathtools.sty
Package: mathtools 2015/05/11 v1.16 mathematical typesetting tools
 (/usr/local/texlive/2015/texmf-dist/tex/latex/tools/calc.sty
Package: calc 2014/10/28 v4.3 Infix arithmetic (KKT,FJ)
\calc@Acount=\count107
\calc@Bcount=\count108
\calc@Adimen=\dimen129
\calc@Bdimen=\dimen130
\calc@Askip=\skip61
\calc@Bskip=\skip62
LaTeX Info: Redefining \setlength on input line 80.
LaTeX Info: Redefining \addtolength on input line 81.
\calc@Ccount=\count109
\calc@Cskip=\skip63
) (/usr/local/texlive/2015/texmf-dist/tex/latex/mathtools/mhsetup.sty
Package: mhsetup 2010/01/21 v1.2a programming setup (MH)
)
LaTeX Info: Thecontrolsequence`\('isalreadyrobust on input line 129.
LaTeX Info: Thecontrolsequence`\)'isalreadyrobust on input line 129.
LaTeX Info: Thecontrolsequence`\['isalreadyrobust on input line 129.
LaTeX Info: Thecontrolsequence`\]'isalreadyrobust on input line 129.
\g_MT_multlinerow_int=\count110
\l_MT_multwidth_dim=\dimen131
\origjot=\skip64
\l_MT_shortvdotswithinadjustabove_dim=\dimen132
\l_MT_shortvdotswithinadjustbelow_dim=\dimen133
\l_MT_above_intertext_sep=\dimen134
\l_MT_below_intertext_sep=\dimen135
\l_MT_above_shortintertext_sep=\dimen136
\l_MT_below_shortintertext_sep=\dimen137
) (/usr/local/texlive/2015/texmf-dist/tex/latex/tools/multicol.sty
Package: multicol 2015/03/31 v1.8m multicolumn formatting (FMi)
\c@tracingmulticols=\count111
\mult@box=\box32
\multicol@leftmargin=\dimen138
\c@unbalance=\count112
\c@collectmore=\count113
\doublecol@number=\count114
\multicoltolerance=\count115
\multicolpretolerance=\count116
\full@width=\dimen139
\page@free=\dimen140
\premulticols=\dimen141
\postmulticols=\dimen142
\multicolsep=\skip65
\multicolbaselineskip=\skip66
\partial@page=\box33
\last@line=\box34
\maxbalancingoverflow=\dimen143
\mult@rightbox=\box35
\mult@grightbox=\box36
\mult@gfirstbox=\box37
\mult@firstbox=\box38
\@tempa=\box39
\@tempa=\box40
\@tempa=\box41
\@tempa=\box42
\@tempa=\box43
\@tempa=\box44
\@tempa=\box45
\@tempa=\box46
\@tempa=\box47
\@tempa=\box48
\@tempa=\box49
\@tempa=\box50
\@tempa=\box51
\@tempa=\box52
\@tempa=\box53
\@tempa=\box54
\@tempa=\box55
\c@columnbadness=\count117
\c@finalcolumnbadness=\count118
\last@try=\dimen144
\multicolovershoot=\dimen145
\multicolundershoot=\dimen146
\mult@nat@firstbox=\box56
\colbreak@box=\box57
\mc@col@check@num=\count119
) (/usr/local/texlive/2015/texmf-dist/tex/latex/hyperref/hyperref.sty
Package: hyperref 2012/11/06 v6.83m Hypertext links for LaTeX
 (/usr/local/texlive/2015/texmf-dist/tex/generic/oberdiek/hobsub-hyperref.sty
Package: hobsub-hyperref 2012/05/28 v1.13 Bundle oberdiek, subset hyperref (HO)
 (/usr/local/texlive/2015/texmf-dist/tex/generic/oberdiek/hobsub-generic.sty
Package: hobsub-generic 2012/05/28 v1.13 Bundle oberdiek, subset generic (HO)
Package: hobsub 2012/05/28 v1.13 Construct package bundles (HO)
Package hobsub Info: Skipping package `infwarerr' (already loaded).
Package hobsub Info: Skipping package `ltxcmds' (already loaded).
Package: ifluatex 2010/03/01 v1.3 Provides the ifluatex switch (HO)
Package ifluatex Info: LuaTeX not detected.
Package hobsub Info: Skipping package `ifvtex' (already loaded).
Package: intcalc 2007/09/27 v1.1 Expandable calculations with integers (HO)
Package hobsub Info: Skipping package `ifpdf' (already loaded).
Package: etexcmds 2011/02/16 v1.5 Avoid name clashes with e-TeX commands (HO)
Package etexcmds Info: Could not find \expanded.
(etexcmds)             That can mean that you are not using pdfTeX 1.50 or
(etexcmds)             that some package has redefined \expanded.
(etexcmds)             In the latter case, load this package earlier.
Package: kvsetkeys 2012/04/25 v1.16 Key value parser (HO)
Package: kvdefinekeys 2011/04/07 v1.3 Define keys (HO)
Package: pdftexcmds 2011/11/29 v0.20 Utility functions of pdfTeX for LuaTeX (HO)
Package pdftexcmds Info: LuaTeX not detected.
Package pdftexcmds Info: \pdf@primitive is available.
Package pdftexcmds Info: \pdf@ifprimitive is available.
Package pdftexcmds Info: \pdfdraftmode found.
Package: pdfescape 2011/11/25 v1.13 Implements pdfTeX's escape features (HO)
Package: bigintcalc 2012/04/08 v1.3 Expandable calculations on big integers (HO)
Package: bitset 2011/01/30 v1.1 Handle bit-vector datatype (HO)
Package: uniquecounter 2011/01/30 v1.2 Provide unlimited unique counter (HO)
)
Package hobsub Info: Skipping package `hobsub' (already loaded).
Package: letltxmacro 2010/09/02 v1.4 Let assignment for LaTeX macros (HO)
Package: hopatch 2012/05/28 v1.2 Wrapper for package hooks (HO)
Package: xcolor-patch 2011/01/30 xcolor patch
Package: atveryend 2011/06/30 v1.8 Hooks at the very end of document (HO)
Package atveryend Info: \enddocument detected (standard20110627).
Package: atbegshi 2011/10/05 v1.16 At begin shipout hook (HO)
Package: refcount 2011/10/16 v3.4 Data extraction from label references (HO)
Package: hycolor 2011/01/30 v1.7 Color options for hyperref/bookmark (HO)
) (/usr/local/texlive/2015/texmf-dist/tex/latex/oberdiek/auxhook.sty
Package: auxhook 2011/03/04 v1.3 Hooks for auxiliary files (HO)
) (/usr/local/texlive/2015/texmf-dist/tex/latex/oberdiek/kvoptions.sty
Package: kvoptions 2011/06/30 v3.11 Key value format for package options (HO)
)
\@linkdim=\dimen147
\Hy@linkcounter=\count120
\Hy@pagecounter=\count121
 (/usr/local/texlive/2015/texmf-dist/tex/latex/hyperref/pd1enc.def
File: pd1enc.def 2012/11/06 v6.83m Hyperref: PDFDocEncoding definition (HO)
)
\Hy@SavedSpaceFactor=\count122
 (/usr/local/texlive/2015/texmf-dist/tex/latex/latexconfig/hyperref.cfg
File: hyperref.cfg 2002/06/06 v1.2 hyperref configuration of TeXLive
)
Package hyperref Info: Hyper figures OFF on input line 4443.
Package hyperref Info: Link nesting OFF on input line 4448.
Package hyperref Info: Hyper index ON on input line 4451.
Package hyperref Info: Plain pages OFF on input line 4458.
Package hyperref Info: Backreferencing OFF on input line 4463.
Package hyperref Info: Implicit mode ON; LaTeX internals redefined.
Package hyperref Info: Bookmarks ON on input line 4688.
\c@Hy@tempcnt=\count123
 (/usr/local/texlive/2015/texmf-dist/tex/latex/url/url.sty
\Urlmuskip=\muskip11
Package: url 2013/09/16  ver 3.4  Verb mode for urls, etc.
)
LaTeX Info: Redefining \url on input line 5041.
\XeTeXLinkMargin=\dimen148
\Fld@menulength=\count124
\Field@Width=\dimen149
\Fld@charsize=\dimen150
Package hyperref Info: Hyper figures OFF on input line 6295.
Package hyperref Info: Link nesting OFF on input line 6300.
Package hyperref Info: Hyper index ON on input line 6303.
Package hyperref Info: backreferencing OFF on input line 6310.
Package hyperref Info: Link coloring OFF on input line 6315.
Package hyperref Info: Link coloring with OCG OFF on input line 6320.
Package hyperref Info: PDF/A mode OFF on input line 6325.
LaTeX Info: Redefining \ref on input line 6365.
LaTeX Info: Redefining \pageref on input line 6369.
\Hy@abspage=\count125
\c@Item=\count126
\c@Hfootnote=\count127
)

Package hyperref Message: Driver (autodetected): hpdftex.

(/usr/local/texlive/2015/texmf-dist/tex/latex/hyperref/hpdftex.def
File: hpdftex.def 2012/11/06 v6.83m Hyperref driver for pdfTeX
\Fld@listcount=\count128
\c@bookmark@seq@number=\count129
 (/usr/local/texlive/2015/texmf-dist/tex/latex/oberdiek/rerunfilecheck.sty
Package: rerunfilecheck 2011/04/15 v1.7 Rerun checks for auxiliary files (HO)
Package uniquecounter Info: New unique counter `rerunfilecheck' on input line 282.
)
\Hy@SectionHShift=\skip67
) (/usr/local/texlive/2015/texmf-dist/tex/latex/relsize/relsize.sty
Package: relsize 2013/03/29 ver 4.1
LaTeX Info: Redefining \larger on input line 150.
LaTeX Info: Redefining \smaller on input line 151.
) (/usr/local/texlive/2015/texmf-dist/tex/latex/glossaries/base/glossaries.sty
Package: glossaries 2015/03/16 v4.15 (NLCT)
 (/usr/local/texlive/2015/texmf-dist/tex/latex/base/ifthen.sty
Package: ifthen 2014/09/29 v1.1c Standard LaTeX ifthen package (DPC)
) (/usr/local/texlive/2015/texmf-dist/tex/latex/xkeyval/xkeyval.sty
Package: xkeyval 2014/12/03 v2.7a package option processing (HA)
 (/usr/local/texlive/2015/texmf-dist/tex/generic/xkeyval/xkeyval.tex (/usr/local/texlive/2015/texmf-dist/tex/generic/xkeyval/xkvutils.tex
\XKV@toks=\toks37
\XKV@tempa@toks=\toks38
)
\XKV@depth=\count130
File: xkeyval.tex 2014/12/03 v2.7a key=value parser (HA)
)) (/usr/local/texlive/2015/texmf-dist/tex/latex/glossaries/base/mfirstuc.sty
Package: mfirstuc 2015/02/03 v1.10 (NLCT)
 (/usr/local/texlive/2015/texmf-dist/tex/latex/etoolbox/etoolbox.sty
Package: etoolbox 2015/05/04 v2.2 e-TeX tools for LaTeX (JAW)
\etb@tempcnta=\count131
)
\@glsmfirst=\toks39
\@glsmrest=\toks40
) (/usr/local/texlive/2015/texmf-dist/tex/latex/textcase/textcase.sty
Package: textcase 2004/10/07 v0.07 Text only upper/lower case changing (DPC)
) (/usr/local/texlive/2015/texmf-dist/tex/latex/xfor/xfor.sty
Package: xfor 2009/02/05 v1.05 (NLCT)
) (/usr/local/texlive/2015/texmf-dist/tex/latex/datatool/datatool-base.sty
Package: datatool-base 2014/06/10 v2.22 (NLCT)
 (/usr/local/texlive/2015/texmf-dist/tex/latex/substr/substr.sty
Package: substr 2009/10/20 v1.2 Handle substrings
\c@su@anzahl=\count132
) (/usr/local/texlive/2015/texmf-dist/tex/latex/datatool/datatool-fp.sty
Package: datatool-fp 2013/08/29 v2.17 (NLCT)
 (/usr/local/texlive/2015/texmf-dist/tex/latex/fp/fp.sty
Package: fp 1995/04/02
 `Fixed Point Package', Version 0.8, April 2, 1995 (C) Michael Mehlich (/usr/local/texlive/2015/texmf-dist/tex/latex/fp/defpattern.sty
Package: defpattern 1994/10/12
\actioncount=\count133
) (/usr/local/texlive/2015/texmf-dist/tex/latex/fp/fp-basic.sty
Package: fp-basic 1996/05/13
\FP@xs=\count134
\FP@xia=\count135
\FP@xib=\count136
\FP@xfa=\count137
\FP@xfb=\count138
\FP@rega=\count139
\FP@regb=\count140
\FP@regs=\count141
\FP@times=\count142
) (/usr/local/texlive/2015/texmf-dist/tex/latex/fp/fp-addons.sty
Package: fp-addons 1995/03/15
) (/usr/local/texlive/2015/texmf-dist/tex/latex/fp/fp-snap.sty
Package: fp-snap 1995/04/05
) (/usr/local/texlive/2015/texmf-dist/tex/latex/fp/fp-exp.sty
Package: fp-exp 1995/04/03
) (/usr/local/texlive/2015/texmf-dist/tex/latex/fp/fp-trigo.sty
Package: fp-trigo 1995/04/14
) (/usr/local/texlive/2015/texmf-dist/tex/latex/fp/fp-pas.sty
Package: fp-pas 1994/08/29
) (/usr/local/texlive/2015/texmf-dist/tex/latex/fp/fp-random.sty
Package: fp-random 1995/02/23
\FPseed=\count143
) (/usr/local/texlive/2015/texmf-dist/tex/latex/fp/fp-eqn.sty
Package: fp-eqn 1995/04/03
) (/usr/local/texlive/2015/texmf-dist/tex/latex/fp/fp-upn.sty
Package: fp-upn 1996/10/21
) (/usr/local/texlive/2015/texmf-dist/tex/latex/fp/fp-eval.sty
Package: fp-eval 1995/04/03
)))
\@dtl@toks=\toks41
\@dtl@tmpcount=\count144
\dtl@tmplength=\skip68
\dtl@sortresult=\count145
\@dtl@numgrpsepcount=\count146
\@dtl@datatype=\count147
\dtl@codeA=\count148
\dtl@codeB=\count149
\@dtl@foreach@level=\count150
) (/usr/local/texlive/2015/texmf-dist/tex/latex/glossaries/base/glossaries-compatible-307.sty
Package: glossaries-compatible-307 2013/11/14 v4.0 (NLCT)
)
\gls@level=\count151
\@gls@tmpb=\toks42
\gls@tmplen=\skip69
\glskeylisttok=\toks43
\glslabeltok=\toks44
\glsshorttok=\toks45
\glslongtok=\toks46
 (/usr/local/texlive/2015/texmf-dist/tex/latex/glossaries/styles/glossary-hypernav.sty
Package: glossary-hypernav 2013/11/14 v4.0 (NLCT)
)
(/usr/local/texlive/2015/texmf-dist/tex/latex/glossaries/styles/glossary-list.sty
Package: glossary-list 2015/02/03 v4.13 (NLCT)
\glslistdottedwidth=\skip70
) (/usr/local/texlive/2015/texmf-dist/tex/latex/glossaries/styles/glossary-long.sty
Package: glossary-long 2013/11/14 v4.0 (NLCT)
 (/usr/local/texlive/2015/texmf-dist/tex/latex/tools/longtable.sty
Package: longtable 2014/10/28 v4.11 Multi-page Table package (DPC)
\LTleft=\skip71
\LTright=\skip72
\LTpre=\skip73
\LTpost=\skip74
\LTchunksize=\count152
\LTcapwidth=\dimen151
\LT@head=\box58
\LT@firsthead=\box59
\LT@foot=\box60
\LT@lastfoot=\box61
\LT@cols=\count153
\LT@rows=\count154
\c@LT@tables=\count155
\c@LT@chunks=\count156
\LT@p@ftn=\toks47
)
\glsdescwidth=\skip75
\glspagelistwidth=\skip76
) (/usr/local/texlive/2015/texmf-dist/tex/latex/glossaries/styles/glossary-super.sty
Package: glossary-super 2013/11/14 v4.0 (NLCT)
 (/usr/local/texlive/2015/texmf-dist/tex/latex/supertabular/supertabular.sty
Package: supertabular 2004/02/20 v4.1e the supertabular environment
\c@tracingst=\count157
\ST@wd=\dimen152
\ST@rightskip=\skip77
\ST@leftskip=\skip78
\ST@parfillskip=\skip79
\ST@pageleft=\dimen153
\ST@headht=\dimen154
\ST@tailht=\dimen155
\ST@pagesofar=\dimen156
\ST@pboxht=\dimen157
\ST@lineht=\dimen158
\ST@stretchht=\dimen159
\ST@prevht=\dimen160
\ST@toadd=\dimen161
\ST@dimen=\dimen162
\ST@pbox=\box62
)) (/usr/local/texlive/2015/texmf-dist/tex/latex/glossaries/styles/glossary-tree.sty
Package: glossary-tree 2015/02/03 v4.13 (NLCT)
\glstreeindent=\skip80
)) (/usr/local/texlive/2015/texmf-dist/tex/latex/base/inputenc.sty
Package: inputenc 2015/03/17 v1.2c Input encoding file
\inpenc@prehook=\toks48
\inpenc@posthook=\toks49
 (/usr/local/texlive/2015/texmf-dist/tex/latex/ucs/utf8x.def
File: utf8x.def 2004/10/17 UCS: Input encoding UTF-8
)) (/usr/local/texlive/2015/texmf-dist/tex/latex/ucs/ucs.sty
Package: ucs 2013/05/11 v2.2 UCS: Unicode input support
 (/usr/local/texlive/2015/texmf-dist/tex/latex/ucs/data/uni-global.def
File: uni-global.def 2013/05/13 UCS: Unicode global data
)
\uc@secondtry=\count158
\uc@combtoks=\toks50
\uc@combtoksb=\toks51
\uc@temptokena=\toks52
) (/usr/local/texlive/2015/texmf-dist/tex/latex/oberdiek/selinput.sty
Package: selinput 2007/09/09 v1.2 Semi-automatic input encoding detection (HO)
 (/usr/local/texlive/2015/texmf-dist/tex/generic/oberdiek/stringenc.sty
Package: stringenc 2011/12/02 v1.10 Convert strings between diff. encodings (HO)
)) (/usr/local/texlive/2015/texmf-dist/tex/latex/oberdiek/ix-name.def
File: ix-name.def 2011/05/27 v1.10 Name list (inputenx)
) (/usr/local/texlive/2015/texmf-dist/tex/generic/oberdiek/se-utf8.def
File: se-utf8.def 2011/12/02 v1.10 stringenc: UTF-8
) (/usr/local/texlive/2015/texmf-dist/tex/latex/ucs/utf8x.def
File: utf8x.def 2004/10/17 UCS: Input encoding UTF-8
)
Package selinput Info: Encoding `utf8x' selected on input line 32.
 (./book.aux)
\openout1 = `book.aux'.

LaTeX Font Info:    Checking defaults for OML/cmm/m/it on input line 79.
LaTeX Font Info:    ... okay on input line 79.
LaTeX Font Info:    Checking defaults for T1/cmr/m/n on input line 79.
LaTeX Font Info:    ... okay on input line 79.
LaTeX Font Info:    Checking defaults for OT1/cmr/m/n on input line 79.
LaTeX Font Info:    ... okay on input line 79.
LaTeX Font Info:    Checking defaults for OMS/cmsy/m/n on input line 79.
LaTeX Font Info:    ... okay on input line 79.
LaTeX Font Info:    Checking defaults for OMX/cmex/m/n on input line 79.
LaTeX Font Info:    ... okay on input line 79.
LaTeX Font Info:    Checking defaults for U/cmr/m/n on input line 79.
LaTeX Font Info:    ... okay on input line 79.
LaTeX Font Info:    Checking defaults for PD1/pdf/m/n on input line 79.
LaTeX Font Info:    ... okay on input line 79.
LaTeX Font Info:    Try loading font information for U+msa on input line 79.
 (/usr/local/texlive/2015/texmf-dist/tex/latex/amsfonts/umsa.fd
File: umsa.fd 2013/01/14 v3.01 AMS symbols A
)
LaTeX Font Info:    Try loading font information for U+msb on input line 79.
 (/usr/local/texlive/2015/texmf-dist/tex/latex/amsfonts/umsb.fd
File: umsb.fd 2013/01/14 v3.01 AMS symbols B
)
LaTeX Font Info:    Try loading font information for U+rsfs on input line 79.
 (/usr/local/texlive/2015/texmf-dist/tex/latex/jknapltx/ursfs.fd
File: ursfs.fd 1998/03/24 rsfs font definition file (jk)
)
*geometry* driver: auto-detecting
*geometry* detected driver: pdftex
*geometry* verbose mode - [ preamble ] result:
* driver: pdftex
* paper: <default>
* layout: <same size as paper>
* layoutoffset:(h,v)=(0.0pt,0.0pt)
* modes: twoside 
* h-part:(L,W,R)=(72.26999pt, 469.75502pt, 72.26999pt)
* v-part:(T,H,B)=(72.26999pt, 650.43001pt, 72.26999pt)
* \paperwidth=614.295pt
* \paperheight=794.96999pt
* \textwidth=469.75499pt
* \textheight=650.43pt
* \oddsidemargin=0.0pt
* \evensidemargin=0.0pt
* \topmargin=0.0pt
* \headheight=0.0pt
* \headsep=0.0pt
* \topskip=10.0pt
* \footskip=26.22636pt
* \marginparwidth=90.0pt
* \marginparsep=11.0pt
* \columnsep=10.0pt
* \skip\footins=7.0pt plus 11.0pt
* \hoffset=0.0pt
* \voffset=0.0pt
* \mag=1000
* \@twocolumnfalse
* \@twosidetrue
* \@mparswitchtrue
* \@reversemarginfalse
* (1in=72.27pt=25.4mm, 1cm=28.453pt)

(/usr/local/texlive/2015/texmf-dist/tex/context/base/supp-pdf.mkii
[Loading MPS to PDF converter (version 2006.09.02).]
\scratchcounter=\count159
\scratchdimen=\dimen163
\scratchbox=\box63
\nofMPsegments=\count160
\nofMParguments=\count161
\everyMPshowfont=\toks53
\MPscratchCnt=\count162
\MPscratchDim=\dimen164
\MPnumerator=\count163
\makeMPintoPDFobject=\count164
\everyMPtoPDFconversion=\toks54
) (/usr/local/texlive/2015/texmf-dist/tex/latex/oberdiek/epstopdf-base.sty
Package: epstopdf-base 2010/02/09 v2.5 Base part for package epstopdf
 (/usr/local/texlive/2015/texmf-dist/tex/latex/oberdiek/grfext.sty
Package: grfext 2010/08/19 v1.1 Manage graphics extensions (HO)
)
Package grfext Info: Graphics extension search list:
(grfext)             [.png,.pdf,.jpg,.mps,.jpeg,.jbig2,.jb2,.PNG,.PDF,.JPG,.JPEG,.JBIG2,.JB2,.eps]
(grfext)             \AppendGraphicsExtensions on input line 452.
 (/usr/local/texlive/2015/texmf-dist/tex/latex/latexconfig/epstopdf-sys.cfg
File: epstopdf-sys.cfg 2010/07/13 v1.3 Configuration of (r)epstopdf for TeX Live
))
Package lastpage Info: Please have a look at the pageslts package at
(lastpage)             https://www.ctan.org/pkg/pageslts
(lastpage)             ! on input line 79.
\AtBeginShipoutBox=\box64
Package hyperref Info: Link coloring OFF on input line 79.
 (/usr/local/texlive/2015/texmf-dist/tex/latex/hyperref/nameref.sty
Package: nameref 2012/10/27 v2.43 Cross-referencing by name of section
 (/usr/local/texlive/2015/texmf-dist/tex/generic/oberdiek/gettitlestring.sty
Package: gettitlestring 2010/12/03 v1.4 Cleanup title references (HO)
)
\c@section@level=\count165
)
LaTeX Info: Redefining \ref on input line 79.
LaTeX Info: Redefining \pageref on input line 79.
LaTeX Info: Redefining \nameref on input line 79.
 (./book.out) (./book.out)
\@outlinefile=\write3
\openout3 = `book.out'.

 (./book.glsdefs) (/usr/local/texlive/2015/texmf-dist/tex/latex/ucs/ucsencs.def
File: ucsencs.def 2011/01/21 Fixes to fontencodings LGR, T3
)
\c@thm=\count166
\c@prop=\count167
\c@lem=\count168
\c@cor=\count169
\c@dfn=\count170
\c@rmk=\count171
 (./book.toc [1{/usr/local/texlive/2015/texmf-var/fonts/map/pdftex/updmap/pdftex.map}]pdfTeX warning (ext4): destination with the same identifier (name{page.}) has been already used, duplicate ignored
<to be read again> 
                   \relax 
l.49 ...olland): Signed Measures}}{65}{section.11}
                                                   [2])
\tf@toc=\write4
\openout4 = `book.toc'.

pdfTeX warning (ext4): destination with the same identifier (name{page.}) has been already used, duplicate ignored
<to be read again> 
                   \relax 
l.146 \cleardoublepage
                       [3]pdfTeX warning (ext4): destination with the same identifier (name{page.}) has been already used, duplicate ignored
<to be read again> 
                   \relax 
l.146 \cleardoublepage
                       [4


]

Package hyperref Warning: Token not allowed in a PDF string (PDFDocEncoding):
(hyperref)                removing `math shift' on input line 153.


Package hyperref Warning: Token not allowed in a PDF string (PDFDocEncoding):
(hyperref)                removing `\sigma' on input line 153.


Package hyperref Warning: Token not allowed in a PDF string (PDFDocEncoding):
(hyperref)                removing `math shift' on input line 153.

(./sect12notes.tex [1

] [2]) (./aug26.tex [3]
Underfull \hbox (badness 10000) in paragraph at lines 35--37

 []

) (./aug28.tex [4]
Underfull \hbox (badness 10000) in paragraph at lines 13--14

 []

[5]) (./aug31.tex
Underfull \hbox (badness 10000) in paragraph at lines 10--12

 []

[6] [7]) (./sep2.tex

LaTeX Warning: Command \O invalid in math mode on input line 14.

[8]) (./sep4.tex) (./sep9.tex [9]

LaTeX Warning: Command \O invalid in math mode on input line 29.


LaTeX Warning: Command \O invalid in math mode on input line 36.

[10]

LaTeX Warning: Command \O invalid in math mode on input line 61.


LaTeX Warning: Command \O invalid in math mode on input line 61.

[11]) (./sect13.tex

LaTeX Warning: Command \O invalid in math mode on input line 17.


LaTeX Warning: Command \O invalid in math mode on input line 44.

[12]
Overfull \hbox (15.93855pt too wide) in paragraph at lines 64--65
[]\OT1/cmr/bx/n/10.95 (continuity from be-low) \OT1/cmr/m/n/10.95 If $\OMS/cmsy/m/n/10.95 f\OML/cmm/m/it/10.95 E[]\OMS/cmsy/m/n/10.95 g[] ^^Z M$ \OT1/cmr/m/n/10.95 and $\OML/cmm/m/it/10.95 E[] \OMS/cmsy/m/n/10.95 ^^Z \OML/cmm/m/it/10.95 E[] \OMS/cmsy/m/n/10.95 ^^Z [] \OML/cmm/m/it/10.95 ;$ \OT1/cmr/m/n/10.95 then $\OML/cmm/m/it/10.95 ^^V\OT1/cmr/m/n/10.95 (\OMS/cmsy/m/n/10.95 [[]\OML/cmm/m/it/10.95 E[]\OT1/cmr/m/n/10.95 ) = [][] \OML/cmm/m/it/10.95 ^^V\OT1/cmr/m/n/10.95 (\OML/cmm/m/it/10.95 E[]\OT1/cmr/m/n/10.95 )$. 
 []


Overfull \hbox (15.76364pt too wide) in paragraph at lines 65--66
[]\OT1/cmr/bx/n/10.95 (continuity from above) \OT1/cmr/m/n/10.95 If $\OMS/cmsy/m/n/10.95 f\OML/cmm/m/it/10.95 E[]\OMS/cmsy/m/n/10.95 g[] ^^Z M$ \OT1/cmr/m/n/10.95 and $\OML/cmm/m/it/10.95 E[] \OMS/cmsy/m/n/10.95 ^^[ \OML/cmm/m/it/10.95 E[] \OMS/cmsy/m/n/10.95 ^^[ [] \OML/cmm/m/it/10.95 ;$ \OT1/cmr/m/n/10.95 then $\OML/cmm/m/it/10.95 ^^V\OT1/cmr/m/n/10.95 (\OMS/cmsy/m/n/10.95 \[]\OML/cmm/m/it/10.95 E[]\OT1/cmr/m/n/10.95 ) = [][] \OML/cmm/m/it/10.95 ^^V\OT1/cmr/m/n/10.95 (\OML/cmm/m/it/10.95 E[]\OT1/cmr/m/n/10.95 )$. 
 []

[13]) (./sept11.tex

LaTeX Warning: Command \O invalid in math mode on input line 8.


LaTeX Warning: Command \O invalid in math mode on input line 8.


LaTeX Warning: Command \O invalid in math mode on input line 17.


LaTeX Warning: Command \O invalid in math mode on input line 17.

[14]

LaTeX Warning: Command \O invalid in math mode on input line 31.


LaTeX Warning: Command \O invalid in math mode on input line 31.


LaTeX Warning: Command \O invalid in math mode on input line 31.


LaTeX Warning: Command \O invalid in math mode on input line 31.

) (./sept14.tex
Overfull \hbox (25.13216pt too wide) in paragraph at lines 1--4
\OT1/cmtt/m/n/10.95 url ? sa = t & rct = j & q = &esrc = s & source = web & cd = 4 & ved = 0CDIQFjADahUKEwiVu-[] _ PtM _ IAhVBFz4KHamFDmM &
 []


Overfull \hbox (18.88347pt too wide) in paragraph at lines 1--4
\OT1/cmtt/m/n/10.95 url = http % 3A % 2F % 2Fwww . math . psu . edu % 2Fballif % 2Fassignments % 2FMath % 2520501 % 2520Analysis %
 []


Overfull \hbox (13.63478pt too wide) in paragraph at lines 1--4
\OT1/cmtt/m/n/10.95 2FMATH501 _ HW2 . tex & usg = AFQjCNHXa01zt _ Ejvp67o5jcfLLtqmuV8w & bvm = bv . 105454873 ,[] d . cWw & cad =
 []


Overfull \hbox (39.48297pt too wide) in paragraph at lines 15--18
[]\OT1/cmr/m/n/10.95 Recall that $[]\OML/cmm/m/it/10.95 x[] \OT1/cmr/m/n/10.95 = [] []$. We will show $\OML/cmm/m/it/10.95 ^^V [] \OT1/cmr/m/n/10.95 = []\OML/cmm/m/it/10.95 ^^V []$\OT1/cmr/m/n/10.95 . 
 []

[15]

LaTeX Warning: Command \O invalid in math mode on input line 29.


LaTeX Warning: Command \O invalid in math mode on input line 44.

[16]) (./sept16.tex

LaTeX Warning: Command \O invalid in math mode on input line 13.

[17]

LaTeX Warning: Command \O invalid in math mode on input line 36.

[18]) (./sect14.tex

LaTeX Warning: Command \O invalid in math mode on input line 6.


LaTeX Warning: Command \O invalid in math mode on input line 8.


LaTeX Warning: Command \O invalid in math mode on input line 14.


LaTeX Warning: Command \O invalid in math mode on input line 14.

[19] (/usr/local/texlive/2015/texmf-dist/tex/latex/ucs/data/uni-0.def
File: uni-0.def 2013/05/13 UCS: Unicode data U+0000..U+00FF
)

LaTeX Warning: Command \O invalid in math mode on input line 35.


Overfull \hbox (27.6791pt too wide) in paragraph at lines 36--37
[]$[]\OMS/cmsy/m/n/10.95 f\OML/cmm/m/it/10.95 A[]\OMS/cmsy/m/n/10.95 g[][]A[] [[] \OML/cmm/m/it/10.95 A[] \OMS/cmsy/m/n/10.95 2 A\OML/cmm/m/it/10.95 ; []^^V[]\OT1/cmr/m/n/10.95 (\OMS/cmsy/m/n/10.95 [[]\OML/cmm/m/it/10.95 A[]\OT1/cmr/m/n/10.95 ) = [][] \OML/cmm/m/it/10.95 ^^V[]\OT1/cmr/m/n/10.95 (\OML/cmm/m/it/10.95 A[]\OT1/cmr/m/n/10.95 )$ 
 []

) [20] (./sept18.tex
Overfull \hbox (49.44089pt too wide) detected at line 27
[] []
 []

[21

] [22]

LaTeX Warning: Command \o invalid in math mode on input line 66.

[23]

LaTeX Warning: Command \o invalid in math mode on input line 77.

) [24] (./sept21.tex
Underfull \hbox (badness 10000) in paragraph at lines 6--9

 []

[25

]

LaTeX Warning: Command \o invalid in math mode on input line 41.


Overfull \hbox (3.61198pt too wide) in paragraph at lines 45--48
[]$\OT1/cmtt/m/n/10.95 http : / / math . ucr . edu / []edwardb / Graduate % 20Classes / Math % 20209A / Homework % 201 . pdf$[]
 []

[26]) (./sept28.tex

LaTeX Warning: Command \o invalid in math mode on input line 2.


LaTeX Warning: Command \o invalid in math mode on input line 2.


LaTeX Warning: Command \o invalid in math mode on input line 6.


LaTeX Warning: Command \o invalid in math mode on input line 13.


LaTeX Warning: Command \o invalid in math mode on input line 15.


LaTeX Warning: Command \o invalid in math mode on input line 15.


LaTeX Warning: Command \o invalid in math mode on input line 17.


LaTeX Warning: Command \o invalid in math mode on input line 19.


LaTeX Warning: Command \o invalid in math mode on input line 19.


LaTeX Warning: Command \o invalid in math mode on input line 19.


LaTeX Warning: Command \o invalid in math mode on input line 19.


LaTeX Warning: Command \o invalid in math mode on input line 19.


LaTeX Warning: Command \o invalid in math mode on input line 19.


LaTeX Warning: Command \o invalid in math mode on input line 19.


LaTeX Warning: Command \o invalid in math mode on input line 19.


LaTeX Warning: Command \o invalid in math mode on input line 21.


LaTeX Warning: Command \o invalid in math mode on input line 25.


LaTeX Warning: Command \o invalid in math mode on input line 25.

[27]

LaTeX Warning: Command \o invalid in math mode on input line 29.


LaTeX Warning: Command \o invalid in math mode on input line 29.


LaTeX Warning: Command \o invalid in math mode on input line 29.


LaTeX Warning: Command \o invalid in math mode on input line 31.


LaTeX Warning: Command \o invalid in math mode on input line 32.


LaTeX Warning: Command \O invalid in math mode on input line 33.


LaTeX Warning: Command \O invalid in math mode on input line 33.


LaTeX Warning: Command \O invalid in math mode on input line 33.


LaTeX Warning: Command \O invalid in math mode on input line 33.


LaTeX Warning: Command \O invalid in math mode on input line 33.


LaTeX Warning: Command \O invalid in math mode on input line 33.


LaTeX Warning: Command \O invalid in math mode on input line 33.


LaTeX Warning: Command \O invalid in math mode on input line 33.


LaTeX Warning: Command \O invalid in math mode on input line 34.


LaTeX Warning: Command \O invalid in math mode on input line 34.


LaTeX Warning: Command \o invalid in math mode on input line 37.


LaTeX Warning: Command \O invalid in math mode on input line 37.


LaTeX Warning: Command \O invalid in math mode on input line 38.


LaTeX Warning: Command \O invalid in math mode on input line 38.


LaTeX Warning: Command \O invalid in math mode on input line 38.


LaTeX Warning: Command \O invalid in math mode on input line 39.


LaTeX Warning: Command \O invalid in math mode on input line 39.


LaTeX Warning: Command \O invalid in math mode on input line 39.


LaTeX Warning: Command \O invalid in math mode on input line 39.


LaTeX Warning: Command \o invalid in math mode on input line 40.

[28]

LaTeX Warning: Command \O invalid in math mode on input line 45.


LaTeX Warning: Command \O invalid in math mode on input line 53.


LaTeX Warning: Command \O invalid in math mode on input line 56.


LaTeX Warning: Command \O invalid in math mode on input line 56.


LaTeX Warning: Command \O invalid in math mode on input line 57.


LaTeX Warning: Command \O invalid in math mode on input line 57.


LaTeX Warning: Command \O invalid in math mode on input line 58.


LaTeX Warning: Command \O invalid in math mode on input line 58.


LaTeX Warning: Command \O invalid in math mode on input line 62.


LaTeX Warning: Command \O invalid in math mode on input line 65.


LaTeX Warning: Command \O invalid in math mode on input line 65.

) (./sept30.tex [29]

LaTeX Warning: Command \o invalid in math mode on input line 23.


LaTeX Warning: Command \o invalid in math mode on input line 23.


LaTeX Warning: Command \O invalid in math mode on input line 25.


LaTeX Warning: Command \O invalid in math mode on input line 25.


LaTeX Warning: Command \O invalid in math mode on input line 25.


LaTeX Warning: Command \O invalid in math mode on input line 25.


LaTeX Warning: Command \O invalid in math mode on input line 26.


LaTeX Warning: Command \O invalid in math mode on input line 26.

[30]) (./oct2.tex

LaTeX Warning: Command \o invalid in math mode on input line 3.


LaTeX Warning: Command \o invalid in math mode on input line 8.

<oct2pic.png, id=591, 630.355pt x 444.66125pt>
File: oct2pic.png Graphic file (type png)
 <use oct2pic.png>
Package pdftex.def Info: oct2pic.png used on input line 12.
(pdftex.def)             Requested size: 283.65712pt x 200.0957pt.

Underfull \hbox (badness 10000) in paragraph at lines 11--13

 []


Overfull \hbox (57.70772pt too wide) detected at line 15
[]\OT1/cmr/m/n/10.95 (\OML/cmm/m/it/10.95 A \OMS/cmsy/m/n/10.95 ^^B \OML/cmm/m/it/10.95 B\OT1/cmr/m/n/10.95 ) \OMS/cmsy/m/n/10.95 [ \OT1/cmr/m/n/10.95 (\OML/cmm/m/it/10.95 C \OMS/cmsy/m/n/10.95 ^^B \OML/cmm/m/it/10.95 D\OT1/cmr/m/n/10.95 )[]
 []

[31 <./oct2pic.png>]
Overfull \hbox (4.47247pt too wide) detected at line 18
\OT1/cmr/m/n/10.95 (\OML/cmm/m/it/10.95 A \OMS/cmsy/m/n/10.95 ^^B \OML/cmm/m/it/10.95 B\OT1/cmr/m/n/10.95 ) \OMS/cmsy/m/n/10.95 [ \OT1/cmr/m/n/10.95 (\OML/cmm/m/it/10.95 C \OMS/cmsy/m/n/10.95 ^^B \OML/cmm/m/it/10.95 D\OT1/cmr/m/n/10.95 ) = ((\OML/cmm/m/it/10.95 A\OMS/cmsy/m/n/10.95 n\OML/cmm/m/it/10.95 C\OT1/cmr/m/n/10.95 ) \OMS/cmsy/m/n/10.95 ^^B \OT1/cmr/m/n/10.95 (\OML/cmm/m/it/10.95 B\OMS/cmsy/m/n/10.95 n\OML/cmm/m/it/10.95 D\OT1/cmr/m/n/10.95 ))  \OMS/cmsy/m/n/10.95 [  \OT1/cmr/m/n/10.95 ((\OML/cmm/m/it/10.95 A\OMS/cmsy/m/n/10.95 n\OML/cmm/m/it/10.95 C[]\OT1/cmr/m/n/10.95 ) \OMS/cmsy/m/n/10.95 ^^B \OT1/cmr/m/n/10.95 (\OML/cmm/m/it/10.95 B\OMS/cmsy/m/n/10.95 n\OML/cmm/m/it/10.95 D\OT1/cmr/m/n/10.95 ))  \OMS/cmsy/m/n/10.95 [  \OT1/cmr/m/n/10.95 ((\OML/cmm/m/it/10.95 A\OMS/cmsy/m/n/10.95 n\OML/cmm/m/it/10.95 C\OT1/cmr/m/n/10.95 ) \OMS/cmsy/m/n/10.95 ^^B \OT1/cmr/m/n/10.95 (\OML/cmm/m/it/10.95 B\OMS/cmsy/m/n/10.95 n\OML/cmm/m/it/10.95 D[]\OT1/cmr/m/n/10.95 ))  \OMS/cmsy/m/n/10.95 [  \OT1/cmr/m/n/10.95 ((\OML/cmm/m/it/10.95 A\OMS/cmsy/m/n/10.95 n\OML/cmm/m/it/10.95 C[]\OT1/cmr/m/n/10.95 ) \OMS/cmsy/m/n/10.95 ^^B \OT1/cmr/m/n/10.95 (\OML/cmm/m/it/10.95 B\OMS/cmsy/m/n/10.95 n\OML/cmm/m/it/10.95 D[]\OT1/cmr/m/n/10.95 )) \OMS/cmsy/m/n/10.95 [
 []

) (./oct5.tex [32]

LaTeX Warning: Command \O invalid in math mode on input line 6.


LaTeX Warning: Command \O invalid in math mode on input line 8.


LaTeX Warning: Command \O invalid in math mode on input line 12.


LaTeX Warning: Command \O invalid in math mode on input line 18.


LaTeX Warning: Command \O invalid in math mode on input line 19.

[33] [34]

LaTeX Warning: Command \O invalid in math mode on input line 41.


LaTeX Warning: Command \O invalid in math mode on input line 41.


LaTeX Warning: Command \O invalid in math mode on input line 41.


LaTeX Warning: Command \O invalid in math mode on input line 41.


LaTeX Warning: Command \O invalid in math mode on input line 41.


LaTeX Warning: Command \O invalid in math mode on input line 41.


LaTeX Warning: Command \O invalid in math mode on input line 51.


LaTeX Warning: Command \O invalid in math mode on input line 51.


LaTeX Warning: Command \O invalid in math mode on input line 51.


LaTeX Warning: Command \O invalid in math mode on input line 51.


Overfull \hbox (6.89787pt too wide) in paragraph at lines 51--53
\OT1/cmr/m/n/10.95 **Sources used: []$\OT1/cmtt/m/n/10.95 http : / / www . math . ubc . ca / []marcus / Math507420 / Math507420 _ HW2 _ solns _
 []


Overfull \hbox (11.09494pt too wide) in paragraph at lines 51--53
\OT1/cmtt/m/n/10.95 2013 . pdf$[] \OT1/cmr/m/n/10.95 and []$\OT1/cmtt/m/n/10.95 https : / / proofwiki . org / wiki / Completion _ Theorem _ (Measure _ Spaces)$[][]  [] 
 []

[35]) (./sect15.tex [36]) (./oct9.tex
Underfull \hbox (badness 10000) in paragraph at lines 2--3

 []

[37]
Underfull \hbox (badness 10000) in paragraph at lines 39--41

 []


Overfull \hbox (4.27698pt too wide) detected at line 49
[]\OML/cmm/m/it/10.95 ^^V[]\OT1/cmr/m/n/10.95 (\OMS/cmsy/m/n/10.95 f\OML/cmm/m/it/10.95 a\OMS/cmsy/m/n/10.95 g\OT1/cmr/m/n/10.95 ) = \OML/cmm/m/it/10.95 ^^V[] [] \OT1/cmr/m/n/10.95 = [] \OML/cmm/m/it/10.95 ^^V[] []
 []


Overfull \hbox (18.02092pt too wide) detected at line 56
[]\OT1/cmr/m/n/10.95 (\OML/cmm/m/it/10.95 a; b\OT1/cmr/m/n/10.95 ) = [] [] \OML/cmm/m/it/10.95 : []^^V[]\OT1/cmr/m/n/10.95 ((\OML/cmm/m/it/10.95 a; b\OT1/cmr/m/n/10.95 )) = \OML/cmm/m/it/10.95 ^^V[] [] :[]
 []

[38]

LaTeX Warning: Command \O invalid in math mode on input line 68.


Overfull \hbox (23.84366pt too wide) detected at line 69
[]\OT1/cmr/m/n/10.95 [\OML/cmm/m/it/10.95 a; b\OT1/cmr/m/n/10.95 ) = \OMS/cmsy/m/n/10.95 f\OML/cmm/m/it/10.95 a\OMS/cmsy/m/n/10.95 g [ \OT1/cmr/m/n/10.95 (\OML/cmm/m/it/10.95 a; b\OT1/cmr/m/n/10.95 )[]\OMS/cmsy/m/n/10.95 f\OML/cmm/m/it/10.95 a\OMS/cmsy/m/n/10.95 g \ \OT1/cmr/m/n/10.95 (\OML/cmm/m/it/10.95 a; b\OT1/cmr/m/n/10.95 ) = ^^_\OML/cmm/m/it/10.95 : ^^V[][]^^V[]\OT1/cmr/m/n/10.95 ([\OML/cmm/m/it/10.95 a; b\OT1/cmr/m/n/10.95 )) = \OML/cmm/m/it/10.95 ^^V[]\OT1/cmr/m/n/10.95 (\OMS/cmsy/m/n/10.95 f\OML/cmm/m/it/10.95 a\OMS/cmsy/m/n/10.95 g [ \OT1/cmr/m/n/10.95 (\OML/cmm/m/it/10.95 a; b\OT1/cmr/m/n/10.95 ))
 []


LaTeX Warning: Command \O invalid in math mode on input line 77.


Overfull \hbox (14.49423pt too wide) detected at line 78
[]\OT1/cmr/m/n/10.95 [\OML/cmm/m/it/10.95 a; b\OT1/cmr/m/n/10.95 ] = \OMS/cmsy/m/n/10.95 f\OML/cmm/m/it/10.95 b\OMS/cmsy/m/n/10.95 g [ \OT1/cmr/m/n/10.95 [\OML/cmm/m/it/10.95 a; b\OT1/cmr/m/n/10.95 )[]\OMS/cmsy/m/n/10.95 f\OML/cmm/m/it/10.95 b\OMS/cmsy/m/n/10.95 g \ \OT1/cmr/m/n/10.95 [\OML/cmm/m/it/10.95 a; b\OT1/cmr/m/n/10.95 ) = ^^_\OML/cmm/m/it/10.95 : ^^V[][]^^V[]\OT1/cmr/m/n/10.95 ([\OML/cmm/m/it/10.95 a; b\OT1/cmr/m/n/10.95 ]) = \OML/cmm/m/it/10.95 ^^V[]\OT1/cmr/m/n/10.95 (\OMS/cmsy/m/n/10.95 f\OML/cmm/m/it/10.95 b\OMS/cmsy/m/n/10.95 g [ \OT1/cmr/m/n/10.95 [\OML/cmm/m/it/10.95 a; b\OT1/cmr/m/n/10.95 ))
 []

[39]) (./oct12.tex (/usr/local/texlive/2015/texmf-dist/tex/latex/ucs/data/uni-32.def
File: uni-32.def 2013/05/13 UCS: Unicode data U+2000..U+20FF
) [40]) (./sect21.tex
Overfull \hbox (22.36148pt too wide) detected at line 18
\OML/cmm/m/it/10.95 f[]\OMS/cmsy/m/n/10.95 M ^^@ []  ([])  \OML/cmm/m/it/10.95 f[]\OT1/cmr/m/n/10.95 ((\OML/cmm/m/it/10.95 a; \OMS/cmsy/m/n/10.95 1\OT1/cmr/m/n/10.95 )) \OMS/cmsy/m/n/10.95 2 M[]\OML/cmm/m/it/10.95 a \OMS/cmsy/m/n/10.95 2 \U/msb/m/n/10.95 R  \OMS/cmsy/m/n/10.95 ([])  \OML/cmm/m/it/10.95 f[]\OT1/cmr/m/n/10.95 ([\OML/cmm/m/it/10.95 a; \OMS/cmsy/m/n/10.95 1\OT1/cmr/m/n/10.95 )) \OMS/cmsy/m/n/10.95 2 M[]\OML/cmm/m/it/10.95 a \OMS/cmsy/m/n/10.95 2 \U/msb/m/n/10.95 R
 []

[41]) (./oct14.tex (/usr/local/texlive/2015/texmf-dist/tex/latex/ucs/data/uni-34.def
File: uni-34.def 2013/05/13 UCS: Unicode data U+2200..U+22FF
)

LaTeX Warning: Command \O invalid in math mode on input line 11.


LaTeX Warning: Command \O invalid in math mode on input line 11.


LaTeX Warning: Command \O invalid in math mode on input line 11.


Overfull \hbox (9.41505pt too wide) in paragraph at lines 4--14
\OT1/cmr/bx/n/10.95 Case 1: Sup-pose $\OML/cmm/m/it/10.95 f\OT1/cmr/m/n/10.95 (\OML/cmm/m/it/10.95 x[]\OT1/cmr/m/n/10.95 ) \OMS/cmsy/m/n/10.95 ^^T \OML/cmm/m/it/10.95 a$\OT1/cmr/bx/n/10.95 . \OT1/cmr/m/n/10.95 We will show $\OML/cmm/m/it/10.95 f[]\OT1/cmr/m/n/10.95 ((\OML/cmm/m/it/10.95 a; \OMS/cmsy/m/n/10.95 1\OT1/cmr/m/n/10.95 )) = (\OML/cmm/m/it/10.95 x[]; \OMS/cmsy/m/n/10.95 1\OT1/cmr/m/n/10.95 )$. First, show $\OML/cmm/m/it/10.95 f[]\OT1/cmr/m/n/10.95 ((\OML/cmm/m/it/10.95 a; \OMS/cmsy/m/n/10.95 1\OT1/cmr/m/n/10.95 )) \OMS/cmsy/m/n/10.95 ^^R
 []


Overfull \hbox (8.95883pt too wide) in paragraph at lines 4--14
\OT1/cmr/bx/n/10.95 Case 2: Sup-pose $\OML/cmm/m/it/10.95 f\OT1/cmr/m/n/10.95 (\OML/cmm/m/it/10.95 x[]\OT1/cmr/m/n/10.95 ) \OML/cmm/m/it/10.95 > a$\OT1/cmr/m/n/10.95 . We will show $\OML/cmm/m/it/10.95 f[]\OT1/cmr/m/n/10.95 ((\OML/cmm/m/it/10.95 a; \OMS/cmsy/m/n/10.95 1\OT1/cmr/m/n/10.95 )) = (\OML/cmm/m/it/10.95 x[]; \OMS/cmsy/m/n/10.95 1\OT1/cmr/m/n/10.95 )$. First, show $\OML/cmm/m/it/10.95 f[]\OT1/cmr/m/n/10.95 ((\OML/cmm/m/it/10.95 a; \OMS/cmsy/m/n/10.95 1\OT1/cmr/m/n/10.95 )) \OMS/cmsy/m/n/10.95 ^^R
 []

[42]) (./oct16.tex
Overfull \hbox (4.80057pt too wide) in paragraph at lines 2--4
[]\OT1/cmr/m/n/10.95 (exercise 3, $\OMS/cmsy/m/n/10.95 x\OT1/cmr/m/n/10.95 2\OML/cmm/m/it/10.95 :\OT1/cmr/m/n/10.95 1$): If $\OMS/cmsy/m/n/10.95 f\OML/cmm/m/it/10.95 f[]\OMS/cmsy/m/n/10.95 g$ \OT1/cmr/m/n/10.95 is a se-quence of mea-sur-able func-tions then the set $\OMS/cmsy/m/n/10.95 f\OML/cmm/m/it/10.95 x \OT1/cmr/m/n/10.95 : [][] \OML/cmm/m/it/10.95 f[]\OT1/cmr/m/n/10.95 (\OML/cmm/m/it/10.95 x\OT1/cmr/m/n/10.95 )$
 []

[43]) (./sect22.tex) (./oct19.tex [44]) (./oct21.tex [45]

LaTeX Warning: Command \O invalid in math mode on input line 6.


LaTeX Warning: Command \O invalid in math mode on input line 6.


LaTeX Warning: Command \O invalid in math mode on input line 6.


LaTeX Warning: Command \O invalid in math mode on input line 6.


LaTeX Warning: Command \O invalid in math mode on input line 6.


LaTeX Warning: Command \O invalid in math mode on input line 6.


LaTeX Warning: Command \O invalid in math mode on input line 6.

[46] [47]) (./oct23.tex
Underfull \hbox (badness 10000) in paragraph at lines 2--3

 []

) (./sect23.tex [48]) (./oct26.tex [49] [50]) (./oct28.tex
Overfull \hbox (6.253pt too wide) in paragraph at lines 4--5
[]\OT1/cmr/m/n/10.95 Note $\OML/cmm/m/it/10.95 F\OT1/cmr/m/n/10.95 (\OML/cmm/m/it/10.95 t\OT1/cmr/m/n/10.95 ) = [][] \OML/cmm/m/it/10.95 f\OT1/cmr/m/n/10.95 (\OML/cmm/m/it/10.95 t\OT1/cmr/m/n/10.95 ) \OML/cmm/m/it/10.95 dm\OT1/cmr/m/n/10.95 (\OML/cmm/m/it/10.95 t\OT1/cmr/m/n/10.95 ) = [] \OML/cmm/m/it/10.95 f\OT1/cmr/m/n/10.95 (\OML/cmm/m/it/10.95 t\OT1/cmr/m/n/10.95 )\OML/cmm/m/it/10.95 ^^_[]dm\OT1/cmr/m/n/10.95 (\OML/cmm/m/it/10.95 t\OT1/cmr/m/n/10.95 )$. $\OML/cmm/m/it/10.95 F$ \OT1/cmr/m/n/10.95 is con-tin-u-ous if $[] \OML/cmm/m/it/10.95 F\OT1/cmr/m/n/10.95 (\OML/cmm/m/it/10.95 x[]\OT1/cmr/m/n/10.95 ) =
 []

[51]
Overfull \hbox (10.80785pt too wide) detected at line 23
[][] \OT1/cmr/m/n/10.95 = [] [] [][] = 1 + \OML/cmm/m/it/10.95 x \OT1/cmr/m/n/10.95 + [] + [] [] [][] \OML/cmm/m/it/10.95 :[] [][] \OMS/cmsy/m/n/10.95 ^^U \OT1/cmr/m/n/10.95 1 + \OML/cmm/m/it/10.95 x \OT1/cmr/m/n/10.95 + []\OML/cmm/m/it/10.95 :
 []

[52]
Overfull \hbox (26.49205pt too wide) detected at line 62
[] [][] \OML/cmm/m/it/10.95 n [] [] [][]  dx \OT1/cmr/m/n/10.95 = [][] [] \OML/cmm/m/it/10.95 n [] [] [][]  dx \OT1/cmr/m/n/10.95 = [][] [][]  \OML/cmm/m/it/10.95 dx \OT1/cmr/m/n/10.95 = []\OML/cmm/m/it/10.95 :
 []

) (./nov2.tex
Underfull \hbox (badness 10000) in paragraph at lines 2--3

 []

[53]
Overfull \hbox (26.09608pt too wide) detected at line 32
[][] [] \OML/cmm/m/it/10.95 f[]\OT1/cmr/m/n/10.95 (\OML/cmm/m/it/10.95 x\OT1/cmr/m/n/10.95 ) \OML/cmm/m/it/10.95 dx \OT1/cmr/m/n/10.95 = [][] [] \OMS/cmsy/m/n/10.95 ^^@ [][] [] \OT1/cmr/m/n/10.95 = [][] = [][] \OML/cmm/m/it/10.95 :
 []

[54]) (./sect25.tex [55]) [56] (./nov4.tex [57

]

LaTeX Warning: Command \O invalid in math mode on input line 54.


LaTeX Warning: Command \O invalid in math mode on input line 54.

[58]) [59] (./nov6.tex
Overfull \hbox (38.4951pt too wide) in alignment at lines 15--20
 [][][] []
 []

[60

]
Overfull \hbox (49.0271pt too wide) in alignment at lines 21--29
 [][][] []
 []

) (./sect24.tex
Overfull \hbox (25.85501pt too wide) detected at line 22
\OMS/cmsy/m/n/10.95 f\OML/cmm/m/it/10.95 f[]\OMS/cmsy/m/n/10.95 g[]\OML/cmm/m/it/10.95 : f[] \OMS/cmsy/m/n/10.95 ! \OML/cmm/m/it/10.95 f[]x \OMS/cmsy/m/n/10.95 2 \OML/cmm/m/it/10.95 X[]" > \OT1/cmr/m/n/10.95 0[]\OML/cmm/m/it/10.95 N\OT1/cmr/m/n/10.95 (\OML/cmm/m/it/10.95 "; x\OT1/cmr/m/n/10.95 ) \OMS/cmsy/m/n/10.95 ^^U \OT1/cmr/m/n/10.95 0\OML/cmm/m/it/10.95 :[]\OMS/cmsy/m/n/10.95 j\OML/cmm/m/it/10.95 f[]\OT1/cmr/m/n/10.95 (\OML/cmm/m/it/10.95 x\OT1/cmr/m/n/10.95 ) \OMS/cmsy/m/n/10.95 ^^@ \OML/cmm/m/it/10.95 f\OT1/cmr/m/n/10.95 (\OML/cmm/m/it/10.95 x\OT1/cmr/m/n/10.95 )\OMS/cmsy/m/n/10.95 j \OML/cmm/m/it/10.95 < "[]n > N
 []


Overfull \hbox (30.38708pt too wide) detected at line 27
\OMS/cmsy/m/n/10.95 f\OML/cmm/m/it/10.95 f[]\OMS/cmsy/m/n/10.95 g[]\OML/cmm/m/it/10.95 : f[] \OMS/cmsy/m/n/10.95 ! \OML/cmm/m/it/10.95 f[]x \OMS/cmsy/m/n/10.95 2 \OML/cmm/m/it/10.95 X[]" > \OT1/cmr/m/n/10.95 0[]\OML/cmm/m/it/10.95 N\OT1/cmr/m/n/10.95 (\OML/cmm/m/it/10.95 "; x\OT1/cmr/m/n/10.95 ) \OMS/cmsy/m/n/10.95 ^^U \OT1/cmr/m/n/10.95 0\OML/cmm/m/it/10.95 :[]\OMS/cmsy/m/n/10.95 j\OML/cmm/m/it/10.95 f[]\OT1/cmr/m/n/10.95 (\OML/cmm/m/it/10.95 x\OT1/cmr/m/n/10.95 ) \OMS/cmsy/m/n/10.95 ^^@ \OML/cmm/m/it/10.95 f\OT1/cmr/m/n/10.95 (\OML/cmm/m/it/10.95 x\OT1/cmr/m/n/10.95 )\OMS/cmsy/m/n/10.95 j \OML/cmm/m/it/10.95 < "[]n > N
 []

[61]
Underfull \hbox (badness 10000) in paragraph at lines 52--54

 []

[62]) (./nov9.tex
Overfull \hbox (252.55687pt too wide) in paragraph at lines 18--21
[]$\OT1/cmtt/m/n/10.95 http : / / math . stackexchange . com / questions / 1426400 / f-[]n-[]rightarrow-[]f-[]in-[]measure-[]iff-[]for-[]every-[]epsilon-[]0-[]there-[]exists-[]n-[]s-[]t$[]
 []


Overfull \hbox (23.86235pt too wide) detected at line 28
\OML/cmm/m/it/10.95 ^^V [] < [][]n \OMS/cmsy/m/n/10.95 ^^U \OML/cmm/m/it/10.95 N[][]^^V [] < [][]n \OMS/cmsy/m/n/10.95 ^^U \OML/cmm/m/it/10.95 N[]:
 []

[63]
Overfull \hbox (23.28761pt too wide) detected at line 45
\OMS/cmsy/m/n/10.95 f\OML/cmm/m/it/10.95 x \OT1/cmr/m/n/10.95 : \OMS/cmsy/m/n/10.95 j\OML/cmm/m/it/10.95 f\OT1/cmr/m/n/10.95 (\OML/cmm/m/it/10.95 x\OT1/cmr/m/n/10.95 )\OMS/cmsy/m/n/10.95 j \OT1/cmr/m/n/10.95 = \OMS/cmsy/m/n/10.95 1g \OT1/cmr/m/n/10.95 = []\OMS/cmsy/m/n/10.95 f\OML/cmm/m/it/10.95 x \OT1/cmr/m/n/10.95 : \OMS/cmsy/m/n/10.95 j\OML/cmm/m/it/10.95 f\OT1/cmr/m/n/10.95 (\OML/cmm/m/it/10.95 x\OT1/cmr/m/n/10.95 )\OMS/cmsy/m/n/10.95 j ^^U \OML/cmm/m/it/10.95 n\OMS/cmsy/m/n/10.95 g\OML/cmm/m/it/10.95 :[]^^V [] \OT1/cmr/m/n/10.95 = 0 = \OML/cmm/m/it/10.95 ^^V []
 []


Overfull \hbox (23.86235pt too wide) detected at line 49
\OML/cmm/m/it/10.95 ^^V [] < [][]n \OMS/cmsy/m/n/10.95 ^^U \OML/cmm/m/it/10.95 N[][]^^V [] < [][]n \OMS/cmsy/m/n/10.95 ^^U \OML/cmm/m/it/10.95 N[]:
 []

) (./nov13.tex [64]

LaTeX Warning: Command \O invalid in math mode on input line 12.


LaTeX Warning: Command \O invalid in math mode on input line 12.


LaTeX Warning: Command \O invalid in math mode on input line 14.


Overfull \hbox (54.41129pt too wide) in paragraph at lines 12--15
[]\OT1/cmr/m/n/10.95 Assume $\OML/cmm/m/it/10.95 f[]$ \OT1/cmr/m/n/10.95 con-verges to $\OML/cmm/m/it/10.95 f$ \OT1/cmr/m/n/10.95 in mea-sure. Then, for any $\OML/cmm/m/it/10.95 " > \OT1/cmr/m/n/10.95 0$ de-fine $\OML/cmm/m/it/10.95 E[] \OT1/cmr/m/n/10.95 = []$.
 []

) [65] (./sect31.tex

LaTeX Warning: Command \O invalid in math mode on input line 4.


LaTeX Warning: Command \O invalid in math mode on input line 34.

[66

]

LaTeX Warning: Command \O invalid in math mode on input line 46.

) (./nov16.tex [67] [68] [69]pdfTeX warning (ext4): destination with the same identifier (name{equation.11.2}) has been already used, duplicate ignored
<to be read again> 
                   \relax 
l.65 \begin{equation}
                     \tag{ii}pdfTeX warning (ext4): destination with the same identifier (name{equation.11.2}) has been already used, duplicate ignored
<to be read again> 
                   \relax 
l.65 \begin{equation}
                     \tag{ii}pdfTeX warning (ext4): destination with the same identifier (name{equation.11.2}) has been already used, duplicate ignored
<to be read again> 
                   \relax 
l.65 \begin{equation}
                     \tag{ii}pdfTeX warning (ext4): destination with the same identifier (name{equation.11.2}) has been already used, duplicate ignored
<to be read again> 
                   \relax 
l.65 \begin{equation}
                     \tag{ii}) (./nov18.tex [70]
Underfull \hbox (badness 10000) in paragraph at lines 13--15

 []

[71]

LaTeX Warning: Command \O invalid in math mode on input line 34.

) (./sect32.tex [72]

LaTeX Warning: Command \O invalid in math mode on input line 24.

[73]
Underfull \hbox (badness 10000) in paragraph at lines 77--78

 []

[74]) (./nov20.tex

LaTeX Warning: Command \O invalid in math mode on input line 18.

[75]

LaTeX Warning: Command \O invalid in math mode on input line 21.


LaTeX Warning: Command \O invalid in math mode on input line 21.

) (./nov23.tex [76] [77]

LaTeX Warning: Command \O invalid in math mode on input line 41.

) (./nov25.tex
Underfull \hbox (badness 10000) in paragraph at lines 1--3

 []

[78]) (./sect34.tex [79]

LaTeX Warning: Command \O invalid in math mode on input line 31.


LaTeX Warning: Command \O invalid in math mode on input line 31.


LaTeX Warning: Command \O invalid in math mode on input line 33.


LaTeX Warning: Command \O invalid in math mode on input line 33.


LaTeX Warning: Command \O invalid in math mode on input line 33.

[80] [81] [82]) (./dec2.tex
Underfull \hbox (badness 10000) in paragraph at lines 2--4

 []


Overfull \hbox (32.36346pt too wide) detected at line 9
[] [] [][]\OT1/cmr/m/n/10.95 [\OML/cmm/m/it/10.95 f\OT1/cmr/m/n/10.95 (\OML/cmm/m/it/10.95 y\OT1/cmr/m/n/10.95 ) \OMS/cmsy/m/n/10.95 ^^@ \OML/cmm/m/it/10.95 f\OT1/cmr/m/n/10.95 (\OML/cmm/m/it/10.95 x\OT1/cmr/m/n/10.95 )]\OML/cmm/m/it/10.95 dy \OT1/cmr/m/n/10.95 = 0[]\OML/cmm/m/it/10.95 x[]L[] \OT1/cmr/m/n/10.95 = \OMS/cmsy/m/n/10.95 f\OML/cmm/m/it/10.95 x \OT1/cmr/m/n/10.95 : [] [] [][] \OMS/cmsy/m/n/10.95 j\OML/cmm/m/it/10.95 f\OT1/cmr/m/n/10.95 (\OML/cmm/m/it/10.95 y\OT1/cmr/m/n/10.95 ) \OMS/cmsy/m/n/10.95 ^^@ \OML/cmm/m/it/10.95 f\OT1/cmr/m/n/10.95 (\OML/cmm/m/it/10.95 x\OT1/cmr/m/n/10.95 )\OMS/cmsy/m/n/10.95 j\OML/cmm/m/it/10.95 dm\OT1/cmr/m/n/10.95 (\OML/cmm/m/it/10.95 y\OT1/cmr/m/n/10.95 ) = 0\OMS/cmsy/m/n/10.95 g\OML/cmm/m/it/10.95 :
 []

[83]) [84] (./hwp1.tex
\c@itemcounter=\count172


LaTeX Warning: Command \O invalid in math mode on input line 13.

[85

] [86]
Underfull \hbox (badness 10000) in paragraph at lines 70--73

 []


Underfull \hbox (badness 10000) in paragraph at lines 75--77

 []

[87] [88]) (./hwp2.tex
\c@itemcounter2=\count173


LaTeX Warning: Command \O invalid in math mode on input line 14.


Underfull \hbox (badness 10000) in paragraph at lines 14--18

 []

[89] [90] [91]) (./hwp4.tex
\c@itemcounter4=\count174
 [92] [93] [94] [95]) (./hwp3.tex
\c@itemcounter3=\count175
 [96]

LaTeX Warning: Command \O invalid in math mode on input line 34.

[97] [98]

LaTeX Warning: Command \O invalid in math mode on input line 81.


LaTeX Warning: Command \O invalid in math mode on input line 81.


LaTeX Warning: Command \O invalid in math mode on input line 81.

[99]
Underfull \hbox (badness 10000) in paragraph at lines 95--97

 []

[100]) 
AED: lastpage setting LastPage
[101]
Package atveryend Info: Empty hook `BeforeClearDocument' on input line 304.
Package atveryend Info: Empty hook `AfterLastShipout' on input line 304.
 (./book.aux)
Package atveryend Info: Executing hook `AtVeryEndDocument' on input line 304.
Package atveryend Info: Executing hook `AtEndAfterFileList' on input line 304.
Package rerunfilecheck Info: File `book.out' has not changed.
(rerunfilecheck)             Checksum: 6D5401347B93FAC4523FBFC3E53DE628;5505.
Package atveryend Info: Empty hook `AtVeryVeryEnd' on input line 304.
 ) 
Here is how much of TeX's memory you used:
 15111 strings out of 493089
 212532 string characters out of 6134842
 359447 words of memory out of 5000000
 17548 multiletter control sequences out of 15000+600000
 15427 words of font info for 61 fonts, out of 8000000 for 9000
 1302 hyphenation exceptions out of 8191
 46i,18n,43p,1820b,706s stack positions out of 5000i,500n,10000p,200000b,80000s
</usr/local/texlive/2015/texmf-dist/fonts/type1/public/amsfonts/cm/cmbx10.pfb></usr/local/texlive/2015/texmf-dist/fonts/type1/public/amsfonts/cm/cmbxti10.pfb></usr/local/texlive/2015/texmf-dist/fonts/type1/public/amsfonts/cm/cmcsc10.pfb></usr/local/texlive/2015/texmf-dist/fonts/type1/public/amsfonts/cm/cmex10.pfb></usr/local/texlive/2015/texmf-dist/fonts/type1/public/amsfonts/cmextra/cmex7.pfb></usr/local/texlive/2015/texmf-dist/fonts/type1/public/amsfonts/cmextra/cmex8.pfb></usr/local/texlive/2015/texmf-dist/fonts/type1/public/amsfonts/cm/cmmi10.pfb></usr/local/texlive/2015/texmf-dist/fonts/type1/public/amsfonts/cm/cmmi12.pfb></usr/local/texlive/2015/texmf-dist/fonts/type1/public/amsfonts/cm/cmmi6.pfb></usr/local/texlive/2015/texmf-dist/fonts/type1/public/amsfonts/cm/cmmi8.pfb></usr/local/texlive/2015/texmf-dist/fonts/type1/public/amsfonts/cm/cmr10.pfb></usr/local/texlive/2015/texmf-dist/fonts/type1/public/amsfonts/cm/cmr6.pfb></usr/local/texlive/2015/texmf-dist/fonts/type1/public/amsfonts/cm/cmr8.pfb></usr/local/texlive/2015/texmf-dist/fonts/type1/public/amsfonts/cm/cmr9.pfb></usr/local/texlive/2015/texmf-dist/fonts/type1/public/amsfonts/cm/cmsy10.pfb></usr/local/texlive/2015/texmf-dist/fonts/type1/public/amsfonts/cm/cmsy6.pfb></usr/local/texlive/2015/texmf-dist/fonts/type1/public/amsfonts/cm/cmsy8.pfb></usr/local/texlive/2015/texmf-dist/fonts/type1/public/amsfonts/cm/cmti10.pfb></usr/local/texlive/2015/texmf-dist/fonts/type1/public/amsfonts/cm/cmtt10.pfb></usr/local/texlive/2015/texmf-dist/fonts/type1/public/amsfonts/symbols/msam10.pfb></usr/local/texlive/2015/texmf-dist/fonts/type1/public/amsfonts/symbols/msbm10.pfb>
Output written on book.pdf (105 pages, 571881 bytes).
PDF statistics:
 1259 PDF objects out of 1440 (max. 8388607)
 1117 compressed objects within 12 object streams
 443 named destinations out of 1000 (max. 500000)
 526 words of extra memory for PDF output out of 10000 (max. 10000000)

