This is pdfTeX, Version 3.14159265-2.6-1.40.16 (TeX Live 2015) (preloaded format=pdftex 2015.5.24)  7 SEP 2015 20:28
entering extended mode
 restricted \write18 enabled.
 file:line:error style messages enabled.
 %&-line parsing enabled.
**/Users/kaileegray/Desktop/book/sep2.tex
(/Users/kaileegray/Desktop/book/sep2.tex
/Users/kaileegray/Desktop/book/sep2.tex:1: Undefined control sequence.
l.1 \subsection
               {September 2 Group Assignment}
The control sequence at the end of the top line
of your error message was never \def'ed. If you have
misspelled it (e.g., `\hobx'), type `I' and the correct
spelling (e.g., `I\hbox'). Otherwise just continue,
and I'll forget about whatever was undefined.

/Users/kaileegray/Desktop/book/sep2.tex:3: Undefined control sequence.
l.3 ...$ be a nonempty set and let $E\subseteq \Ps
                                                   (X)$.
The control sequence at the end of the top line
of your error message was never \def'ed. If you have
misspelled it (e.g., `\hobx'), type `I' and the correct
spelling (e.g., `I\hbox'). Otherwise just continue,
and I'll forget about whatever was undefined.

/Users/kaileegray/Desktop/book/sep2.tex:4: Undefined control sequence.
l.4 \begin
          {enumerate}
The control sequence at the end of the top line
of your error message was never \def'ed. If you have
misspelled it (e.g., `\hobx'), type `I' and the correct
spelling (e.g., `I\hbox'). Otherwise just continue,
and I'll forget about whatever was undefined.

/Users/kaileegray/Desktop/book/sep2.tex:5: Undefined control sequence.
<recently read> \F 
                   
l.5 \item Let $\F
                 $ denote the collection of countable subsets of $E$. If $F ...
The control sequence at the end of the top line
of your error message was never \def'ed. If you have
misspelled it (e.g., `\hobx'), type `I' and the correct
spelling (e.g., `I\hbox'). Otherwise just continue,
and I'll forget about whatever was undefined.

/Users/kaileegray/Desktop/book/sep2.tex:5: Undefined control sequence.
l.5 ...n of countable subsets of $E$. If $F \in \F
                                                  $ prove that the $\sa$ gen...
The control sequence at the end of the top line
of your error message was never \def'ed. If you have
misspelled it (e.g., `\hobx'), type `I' and the correct
spelling (e.g., `I\hbox'). Otherwise just continue,
and I'll forget about whatever was undefined.

/Users/kaileegray/Desktop/book/sep2.tex:5: Undefined control sequence.
<recently read> \sa 
                    
l.5 ...s of $E$. If $F \in \F$ prove that the $\sa
                                                  $ generated by $F$ is cont...
The control sequence at the end of the top line
of your error message was never \def'ed. If you have
misspelled it (e.g., `\hobx'), type `I' and the correct
spelling (e.g., `I\hbox'). Otherwise just continue,
and I'll forget about whatever was undefined.

/Users/kaileegray/Desktop/book/sep2.tex:5: Undefined control sequence.
<recently read> \sa 
                    
l.5 ...$ generated by $F$ is contained in the $\sa
                                                  $ generated by $E$.
The control sequence at the end of the top line
of your error message was never \def'ed. If you have
misspelled it (e.g., `\hobx'), type `I' and the correct
spelling (e.g., `I\hbox'). Otherwise just continue,
and I'll forget about whatever was undefined.

/Users/kaileegray/Desktop/book/sep2.tex:7: Undefined control sequence.
l.7 \begin
          {proof}
The control sequence at the end of the top line
of your error message was never \def'ed. If you have
misspelled it (e.g., `\hobx'), type `I' and the correct
spelling (e.g., `I\hbox'). Otherwise just continue,
and I'll forget about whatever was undefined.

[1{/usr/local/texlive/2015/texmf-var/fonts/map/pdftex/updmap/pdftex.map}] )</usr/local/texlive/2015/texmf-dist/fonts/type1/public/amsfonts/cm/cmmi10.pfb></usr/local/texlive/2015/texmf-dist/fonts/type1/public/amsfonts/cm/cmr10.pfb></usr/local/texlive/2015/texmf-dist/fonts/type1/public/amsfonts/cm/cmsy10.pfb>
Output written on sep2.pdf (1 page, 32523 bytes).
PDF statistics:
 20 PDF objects out of 1000 (max. 8388607)
 13 compressed objects within 1 object stream
 0 named destinations out of 1000 (max. 500000)
 1 words of extra memory for PDF output out of 10000 (max. 10000000)

