\BOOKMARK [1][-]{section.1}{1. Section 1.2 \(Folland\): -algebras}{}% 1
\BOOKMARK [2][-]{subsection.1.1}{1.1. Section 1.2: Definitions and Theorems}{section.1}% 2
\BOOKMARK [2][-]{subsection.1.2}{1.2. August 26 Group Assignment}{section.1}% 3
\BOOKMARK [2][-]{subsection.1.3}{1.3. August 28 Group Assignment}{section.1}% 4
\BOOKMARK [2][-]{subsection.1.4}{1.4. August 31 Group Assignment}{section.1}% 5
\BOOKMARK [2][-]{subsection.1.5}{1.5. September 2 Group Assignment}{section.1}% 6
\BOOKMARK [2][-]{subsection.1.6}{1.6. September 4 Group Assignment}{section.1}% 7
\BOOKMARK [2][-]{subsection.1.7}{1.7. September 9 Group Assignment}{section.1}% 8
\BOOKMARK [1][-]{section.2}{2. Section 1.3 \(Folland\): Measures}{}% 9
\BOOKMARK [2][-]{subsection.2.1}{2.1. Section 1.3 Definitions and Theorems}{section.2}% 10
\BOOKMARK [2][-]{subsection.2.2}{2.2. September 11 Group Assignment}{section.2}% 11
\BOOKMARK [2][-]{subsection.2.3}{2.3. September 14 Group Assignment}{section.2}% 12
\BOOKMARK [2][-]{subsection.2.4}{2.4. September 16 Group Assignment}{section.2}% 13
\BOOKMARK [1][-]{section.3}{3. Section 1.4 \(Folland\): Outer Measures}{}% 14
\BOOKMARK [2][-]{subsection.3.1}{3.1. Section 1.4 Definitions and Theorems}{section.3}% 15
\BOOKMARK [2][-]{subsection.3.2}{3.2. September 18 Group Assignment}{section.3}% 16
\BOOKMARK [2][-]{subsection.3.3}{3.3. September 21 Group Assignment}{section.3}% 17
\BOOKMARK [2][-]{subsection.3.4}{3.4. September 28 Group Assignment}{section.3}% 18
\BOOKMARK [2][-]{subsection.3.5}{3.5. September 30 Group Assignment}{section.3}% 19
\BOOKMARK [2][-]{subsection.3.6}{3.6. October 2 Group Assignment}{section.3}% 20
\BOOKMARK [1][-]{section.4}{4. Section 1.3 \(Folland\): Complete proof of Theorem 1.9}{}% 21
\BOOKMARK [2][-]{subsection.4.1}{4.1. October 5 Group Assignment}{section.4}% 22
\BOOKMARK [1][-]{section.5}{5. Section 1.5 \(Folland\): Borel Measures on the Real Line}{}% 23
\BOOKMARK [2][-]{subsection.5.1}{5.1. Section 1.5 Definitions and Theorems}{section.5}% 24
\BOOKMARK [2][-]{subsection.5.2}{5.2. October 9 Group Assignment}{section.5}% 25
\BOOKMARK [2][-]{subsection.5.3}{5.3. October 12 Group Assignment}{section.5}% 26
\BOOKMARK [1][-]{section.6}{6. Section 2.1 \(Folland\): Measurable Functions}{}% 27
\BOOKMARK [2][-]{subsection.6.1}{6.1. Section 2.1 Definitions and Theorems}{section.6}% 28
\BOOKMARK [2][-]{subsection.6.2}{6.2. October 14 Group Assignment}{section.6}% 29
\BOOKMARK [2][-]{subsection.6.3}{6.3. October 16 Group Assignment}{section.6}% 30
\BOOKMARK [1][-]{section.7}{7. Section 2.2 \(Folland\): Integration of Non-Negative Functions}{}% 31
\BOOKMARK [2][-]{subsection.7.1}{7.1. Section 2.2 Definitions and Theorems}{section.7}% 32
\BOOKMARK [2][-]{subsection.7.2}{7.2. October 19 Group Assignment}{section.7}% 33
\BOOKMARK [2][-]{subsection.7.3}{7.3. October 21 Group Assignment}{section.7}% 34
\BOOKMARK [2][-]{subsection.7.4}{7.4. October 23 Group Assignment}{section.7}% 35
\BOOKMARK [1][-]{section.8}{8. Section 2.3 \(Folland\): Integration of Complex Functions}{}% 36
\BOOKMARK [2][-]{subsection.8.1}{8.1. Section 2.3 Definitions and Theorems}{section.8}% 37
\BOOKMARK [2][-]{subsection.8.2}{8.2. October 26 Group Assignment}{section.8}% 38
\BOOKMARK [2][-]{subsection.8.3}{8.3. October 28 Group Assignment}{section.8}% 39
\BOOKMARK [2][-]{subsection.8.4}{8.4. November 2 Group Assignment}{section.8}% 40
\BOOKMARK [1][-]{section.9}{9. Section 2.5 \(Folland\): Product Measures}{}% 41
\BOOKMARK [2][-]{subsection.9.1}{9.1. Section 2.5 Definitions and Theorems}{section.9}% 42
\BOOKMARK [2][-]{subsection.9.2}{9.2. November 4 Group Assignment}{section.9}% 43
\BOOKMARK [2][-]{subsection.9.3}{9.3. November 6 Group Assignment}{section.9}% 44
\BOOKMARK [1][-]{section.10}{10. Section 2.4 \(Folland\): Modes of Convergence}{}% 45
\BOOKMARK [2][-]{subsection.10.1}{10.1. Section 2.4 Definitions and Theorems}{section.10}% 46
\BOOKMARK [2][-]{subsection.10.2}{10.2. November 9 Group Assignment}{section.10}% 47
\BOOKMARK [2][-]{subsection.10.3}{10.3. November 13 Group Assignment}{section.10}% 48
\BOOKMARK [1][-]{section.11}{11. Section 3.1 \(Folland\): Signed Measures}{}% 49
\BOOKMARK [2][-]{subsection.11.1}{11.1. Section 3.1 Definitions and Theorems}{section.11}% 50
\BOOKMARK [2][-]{subsection.11.2}{11.2. November 16 Group Assignment}{section.11}% 51
\BOOKMARK [2][-]{subsection.11.3}{11.3. November 18 Group Assignment}{section.11}% 52
\BOOKMARK [1][-]{section.12}{12. Section 3.2 \(Folland\): The Lebesgue-Radon-Nikodym-Theorem}{}% 53
\BOOKMARK [2][-]{subsection.12.1}{12.1. Section 3.2 Definitions and Theorems}{section.12}% 54
\BOOKMARK [2][-]{subsection.12.2}{12.2. November 20 Group Assignment}{section.12}% 55
\BOOKMARK [2][-]{subsection.12.3}{12.3. November 23 Group Assignment}{section.12}% 56
\BOOKMARK [2][-]{subsection.12.4}{12.4. November 25 Group Assignment}{section.12}% 57
\BOOKMARK [1][-]{section.13}{13. Section 3.4 \(Folland\): Differentiation on Euclidean Space}{}% 58
\BOOKMARK [2][-]{subsection.13.1}{13.1. Section 3.4 Definitions and Theorems}{section.13}% 59
\BOOKMARK [2][-]{subsection.13.2}{13.2. December 2, 4}{section.13}% 60
\BOOKMARK [1][-]{section.14}{14. Homework}{}% 61
\BOOKMARK [2][-]{subsection.14.1}{14.1. Assignment 1 \(page 1\)}{section.14}% 62
\BOOKMARK [2][-]{subsection.14.2}{14.2. Assignment 2 \(page 2\)}{section.14}% 63
\BOOKMARK [2][-]{subsection.14.3}{14.3. Assignment 3 \(page 3\)}{section.14}% 64
\BOOKMARK [2][-]{subsection.14.4}{14.4. Assignment 4 \(page 4\)}{section.14}% 65
